{"/home/george/errorHandler/src/controller/person-controller.ts": {"path":"/home/george/errorHandler/src/controller/person-controller.ts","all":false,"statementMap":{"0":{"start":{"line":1,"column":0},"end":{"line":1,"column":38}},"1":{"start":{"line":2,"column":0},"end":{"line":2,"column":54}},"2":{"start":{"line":3,"column":0},"end":{"line":3,"column":58}},"3":{"start":{"line":4,"column":0},"end":{"line":4,"column":61}},"4":{"start":{"line":5,"column":0},"end":{"line":5,"column":89}},"5":{"start":{"line":6,"column":0},"end":{"line":6,"column":0}},"6":{"start":{"line":7,"column":0},"end":{"line":7,"column":68}},"7":{"start":{"line":8,"column":0},"end":{"line":8,"column":0}},"8":{"start":{"line":9,"column":0},"end":{"line":9,"column":24}},"9":{"start":{"line":10,"column":0},"end":{"line":10,"column":39}},"10":{"start":{"line":11,"column":0},"end":{"line":11,"column":31}},"11":{"start":{"line":12,"column":0},"end":{"line":12,"column":34}},"12":{"start":{"line":13,"column":0},"end":{"line":13,"column":34}},"13":{"start":{"line":14,"column":0},"end":{"line":14,"column":0}},"14":{"start":{"line":15,"column":0},"end":{"line":15,"column":17}},"15":{"start":{"line":16,"column":0},"end":{"line":16,"column":53}},"16":{"start":{"line":17,"column":0},"end":{"line":17,"column":60}},"17":{"start":{"line":18,"column":0},"end":{"line":18,"column":63}},"18":{"start":{"line":19,"column":0},"end":{"line":19,"column":63}},"19":{"start":{"line":20,"column":0},"end":{"line":20,"column":3}},"20":{"start":{"line":21,"column":0},"end":{"line":21,"column":0}},"21":{"start":{"line":22,"column":0},"end":{"line":22,"column":22}},"22":{"start":{"line":23,"column":0},"end":{"line":23,"column":17}},"23":{"start":{"line":24,"column":0},"end":{"line":24,"column":20}},"24":{"start":{"line":25,"column":0},"end":{"line":25,"column":15}},"25":{"start":{"line":26,"column":0},"end":{"line":26,"column":30}},"26":{"start":{"line":27,"column":0},"end":{"line":27,"column":51}},"27":{"start":{"line":28,"column":0},"end":{"line":28,"column":64}},"28":{"start":{"line":29,"column":0},"end":{"line":29,"column":0}},"29":{"start":{"line":30,"column":0},"end":{"line":30,"column":12}},"30":{"start":{"line":31,"column":0},"end":{"line":31,"column":27}},"31":{"start":{"line":32,"column":0},"end":{"line":32,"column":31}},"32":{"start":{"line":33,"column":0},"end":{"line":33,"column":41}},"33":{"start":{"line":34,"column":0},"end":{"line":34,"column":6}},"34":{"start":{"line":35,"column":0},"end":{"line":35,"column":3}},"35":{"start":{"line":36,"column":0},"end":{"line":36,"column":0}},"36":{"start":{"line":37,"column":0},"end":{"line":37,"column":54}},"37":{"start":{"line":38,"column":0},"end":{"line":38,"column":63}},"38":{"start":{"line":39,"column":0},"end":{"line":39,"column":15}},"39":{"start":{"line":40,"column":0},"end":{"line":40,"column":19}},"40":{"start":{"line":41,"column":0},"end":{"line":41,"column":29}},"41":{"start":{"line":42,"column":0},"end":{"line":42,"column":8}},"42":{"start":{"line":43,"column":0},"end":{"line":43,"column":3}},"43":{"start":{"line":44,"column":0},"end":{"line":44,"column":0}},"44":{"start":{"line":45,"column":0},"end":{"line":45,"column":61}},"45":{"start":{"line":46,"column":0},"end":{"line":46,"column":64}},"46":{"start":{"line":47,"column":0},"end":{"line":47,"column":0}},"47":{"start":{"line":48,"column":0},"end":{"line":48,"column":12}},"48":{"start":{"line":49,"column":0},"end":{"line":49,"column":27}},"49":{"start":{"line":50,"column":0},"end":{"line":50,"column":31}},"50":{"start":{"line":51,"column":0},"end":{"line":51,"column":41}},"51":{"start":{"line":52,"column":0},"end":{"line":52,"column":6}},"52":{"start":{"line":53,"column":0},"end":{"line":53,"column":3}},"53":{"start":{"line":54,"column":0},"end":{"line":54,"column":1}},"54":{"start":{"line":55,"column":0},"end":{"line":55,"column":0}},"55":{"start":{"line":56,"column":0},"end":{"line":56,"column":32}},"56":{"start":{"line":57,"column":0},"end":{"line":57,"column":26}}},"s":{"0":1,"1":1,"2":1,"3":1,"4":1,"5":1,"6":1,"7":1,"8":1,"9":1,"10":1,"11":1,"12":1,"13":1,"14":1,"15":4,"16":4,"17":4,"18":4,"19":4,"20":1,"21":1,"22":1,"23":1,"24":1,"25":1,"26":1,"27":1,"28":1,"29":1,"30":1,"31":1,"32":1,"33":1,"34":1,"35":1,"36":1,"37":2,"38":84,"39":84,"40":84,"41":2,"42":2,"43":1,"44":1,"45":1,"46":1,"47":1,"48":1,"49":1,"50":1,"51":1,"52":1,"53":1,"54":1,"55":1,"56":1},"branchMap":{"0":{"type":"branch","line":15,"loc":{"start":{"line":15,"column":2},"end":{"line":20,"column":3}},"locations":[{"start":{"line":15,"column":2},"end":{"line":20,"column":3}}]},"1":{"type":"branch","line":22,"loc":{"start":{"line":22,"column":15},"end":{"line":35,"column":3}},"locations":[{"start":{"line":22,"column":15},"end":{"line":35,"column":3}}]},"2":{"type":"branch","line":37,"loc":{"start":{"line":37,"column":15},"end":{"line":43,"column":3}},"locations":[{"start":{"line":37,"column":15},"end":{"line":43,"column":3}}]},"3":{"type":"branch","line":38,"loc":{"start":{"line":38,"column":54},"end":{"line":42,"column":6}},"locations":[{"start":{"line":38,"column":54},"end":{"line":42,"column":6}}]},"4":{"type":"branch","line":45,"loc":{"start":{"line":45,"column":15},"end":{"line":53,"column":3}},"locations":[{"start":{"line":45,"column":15},"end":{"line":53,"column":3}}]}},"b":{"0":[4],"1":[1],"2":[2],"3":[84],"4":[1]},"fnMap":{"0":{"name":"PersonController","decl":{"start":{"line":15,"column":2},"end":{"line":20,"column":3}},"loc":{"start":{"line":15,"column":2},"end":{"line":20,"column":3}},"line":15},"1":{"name":"create","decl":{"start":{"line":22,"column":15},"end":{"line":35,"column":3}},"loc":{"start":{"line":22,"column":15},"end":{"line":35,"column":3}},"line":22},"2":{"name":"fetchAll","decl":{"start":{"line":37,"column":15},"end":{"line":43,"column":3}},"loc":{"start":{"line":37,"column":15},"end":{"line":43,"column":3}},"line":37},"3":{"name":"getById","decl":{"start":{"line":45,"column":15},"end":{"line":53,"column":3}},"loc":{"start":{"line":45,"column":15},"end":{"line":53,"column":3}},"line":45}},"f":{"0":4,"1":1,"2":2,"3":1}}
,"/home/george/errorHandler/src/entity/person.ts": {"path":"/home/george/errorHandler/src/entity/person.ts","all":false,"statementMap":{"0":{"start":{"line":1,"column":0},"end":{"line":1,"column":33}},"1":{"start":{"line":2,"column":0},"end":{"line":2,"column":60}},"2":{"start":{"line":3,"column":0},"end":{"line":3,"column":90}},"3":{"start":{"line":4,"column":0},"end":{"line":4,"column":0}},"4":{"start":{"line":5,"column":0},"end":{"line":5,"column":14}},"5":{"start":{"line":6,"column":0},"end":{"line":6,"column":31}},"6":{"start":{"line":7,"column":0},"end":{"line":7,"column":21}},"7":{"start":{"line":8,"column":0},"end":{"line":8,"column":55}},"8":{"start":{"line":9,"column":0},"end":{"line":9,"column":5}},"9":{"start":{"line":10,"column":0},"end":{"line":10,"column":3}},"10":{"start":{"line":11,"column":0},"end":{"line":11,"column":0}},"11":{"start":{"line":12,"column":0},"end":{"line":12,"column":35}},"12":{"start":{"line":13,"column":0},"end":{"line":13,"column":49}},"13":{"start":{"line":14,"column":0},"end":{"line":14,"column":34}},"14":{"start":{"line":15,"column":0},"end":{"line":15,"column":53}},"15":{"start":{"line":16,"column":0},"end":{"line":16,"column":8}},"16":{"start":{"line":17,"column":0},"end":{"line":17,"column":5}},"17":{"start":{"line":18,"column":0},"end":{"line":18,"column":3}},"18":{"start":{"line":19,"column":0},"end":{"line":19,"column":0}},"19":{"start":{"line":20,"column":0},"end":{"line":20,"column":31}},"20":{"start":{"line":21,"column":0},"end":{"line":21,"column":26}},"21":{"start":{"line":22,"column":0},"end":{"line":22,"column":70}},"22":{"start":{"line":23,"column":0},"end":{"line":23,"column":5}},"23":{"start":{"line":24,"column":0},"end":{"line":24,"column":3}},"24":{"start":{"line":25,"column":0},"end":{"line":25,"column":0}},"25":{"start":{"line":26,"column":0},"end":{"line":26,"column":29}},"26":{"start":{"line":27,"column":0},"end":{"line":27,"column":48}},"27":{"start":{"line":28,"column":0},"end":{"line":28,"column":70}},"28":{"start":{"line":29,"column":0},"end":{"line":29,"column":5}},"29":{"start":{"line":30,"column":0},"end":{"line":30,"column":3}},"30":{"start":{"line":31,"column":0},"end":{"line":31,"column":0}},"31":{"start":{"line":32,"column":0},"end":{"line":32,"column":20}},"32":{"start":{"line":33,"column":0},"end":{"line":33,"column":31}},"33":{"start":{"line":34,"column":0},"end":{"line":34,"column":35}},"34":{"start":{"line":35,"column":0},"end":{"line":35,"column":37}},"35":{"start":{"line":36,"column":0},"end":{"line":36,"column":35}},"36":{"start":{"line":37,"column":0},"end":{"line":37,"column":3}},"37":{"start":{"line":38,"column":0},"end":{"line":38,"column":0}},"38":{"start":{"line":39,"column":0},"end":{"line":39,"column":14}},"39":{"start":{"line":40,"column":0},"end":{"line":40,"column":33}},"40":{"start":{"line":41,"column":0},"end":{"line":41,"column":36}},"41":{"start":{"line":42,"column":0},"end":{"line":42,"column":52}},"42":{"start":{"line":43,"column":0},"end":{"line":43,"column":5}},"43":{"start":{"line":44,"column":0},"end":{"line":44,"column":20}},"44":{"start":{"line":45,"column":0},"end":{"line":45,"column":3}},"45":{"start":{"line":46,"column":0},"end":{"line":46,"column":1}},"46":{"start":{"line":47,"column":0},"end":{"line":47,"column":0}},"47":{"start":{"line":48,"column":0},"end":{"line":48,"column":22}}},"s":{"0":1,"1":1,"2":1,"3":1,"4":1,"5":1,"6":179,"7":1,"8":1,"9":179,"10":1,"11":1,"12":178,"13":1,"14":1,"15":1,"16":1,"17":178,"18":1,"19":1,"20":177,"21":1,"22":1,"23":177,"24":1,"25":1,"26":176,"27":1,"28":1,"29":176,"30":1,"31":1,"32":179,"33":179,"34":179,"35":179,"36":179,"37":1,"38":1,"39":179,"40":179,"41":179,"42":179,"43":179,"44":179,"45":1,"46":1,"47":1},"branchMap":{"0":{"type":"branch","line":39,"loc":{"start":{"line":39,"column":2},"end":{"line":45,"column":3}},"locations":[{"start":{"line":39,"column":2},"end":{"line":45,"column":3}}]},"1":{"type":"branch","line":6,"loc":{"start":{"line":6,"column":2},"end":{"line":10,"column":3}},"locations":[{"start":{"line":6,"column":2},"end":{"line":10,"column":3}}]},"2":{"type":"branch","line":7,"loc":{"start":{"line":7,"column":20},"end":{"line":9,"column":5}},"locations":[{"start":{"line":7,"column":20},"end":{"line":9,"column":5}}]},"3":{"type":"branch","line":12,"loc":{"start":{"line":12,"column":2},"end":{"line":18,"column":3}},"locations":[{"start":{"line":12,"column":2},"end":{"line":18,"column":3}}]},"4":{"type":"branch","line":13,"loc":{"start":{"line":13,"column":48},"end":{"line":17,"column":5}},"locations":[{"start":{"line":13,"column":48},"end":{"line":17,"column":5}}]},"5":{"type":"branch","line":20,"loc":{"start":{"line":20,"column":2},"end":{"line":24,"column":3}},"locations":[{"start":{"line":20,"column":2},"end":{"line":24,"column":3}}]},"6":{"type":"branch","line":21,"loc":{"start":{"line":21,"column":25},"end":{"line":23,"column":5}},"locations":[{"start":{"line":21,"column":25},"end":{"line":23,"column":5}}]},"7":{"type":"branch","line":26,"loc":{"start":{"line":26,"column":2},"end":{"line":30,"column":3}},"locations":[{"start":{"line":26,"column":2},"end":{"line":30,"column":3}}]},"8":{"type":"branch","line":27,"loc":{"start":{"line":27,"column":47},"end":{"line":29,"column":5}},"locations":[{"start":{"line":27,"column":47},"end":{"line":29,"column":5}}]},"9":{"type":"branch","line":32,"loc":{"start":{"line":32,"column":2},"end":{"line":37,"column":3}},"locations":[{"start":{"line":32,"column":2},"end":{"line":37,"column":3}}]}},"b":{"0":[179],"1":[179],"2":[1],"3":[178],"4":[1],"5":[177],"6":[1],"7":[176],"8":[1],"9":[179]},"fnMap":{"0":{"name":"Person","decl":{"start":{"line":39,"column":2},"end":{"line":45,"column":3}},"loc":{"start":{"line":39,"column":2},"end":{"line":45,"column":3}},"line":39},"1":{"name":"validateNameInforme","decl":{"start":{"line":6,"column":2},"end":{"line":10,"column":3}},"loc":{"start":{"line":6,"column":2},"end":{"line":10,"column":3}},"line":6},"2":{"name":"validateNameAndLastName","decl":{"start":{"line":12,"column":2},"end":{"line":18,"column":3}},"loc":{"start":{"line":12,"column":2},"end":{"line":18,"column":3}},"line":12},"3":{"name":"validateBirthdateInformed","decl":{"start":{"line":20,"column":2},"end":{"line":24,"column":3}},"loc":{"start":{"line":20,"column":2},"end":{"line":24,"column":3}},"line":20},"4":{"name":"validateBirthdateInPast","decl":{"start":{"line":26,"column":2},"end":{"line":30,"column":3}},"loc":{"start":{"line":26,"column":2},"end":{"line":30,"column":3}},"line":26},"5":{"name":"validate","decl":{"start":{"line":32,"column":2},"end":{"line":37,"column":3}},"loc":{"start":{"line":32,"column":2},"end":{"line":37,"column":3}},"line":32}},"f":{"0":179,"1":179,"2":178,"3":177,"4":176,"5":179}}
,"/home/george/errorHandler/src/error/business-exception.ts": {"path":"/home/george/errorHandler/src/error/business-exception.ts","all":false,"statementMap":{"0":{"start":{"line":1,"column":0},"end":{"line":1,"column":36}},"1":{"start":{"line":2,"column":0},"end":{"line":2,"column":0}},"2":{"start":{"line":3,"column":0},"end":{"line":3,"column":43}},"3":{"start":{"line":4,"column":0},"end":{"line":4,"column":32}},"4":{"start":{"line":5,"column":0},"end":{"line":5,"column":31}},"5":{"start":{"line":6,"column":0},"end":{"line":6,"column":3}},"6":{"start":{"line":7,"column":0},"end":{"line":7,"column":1}},"7":{"start":{"line":8,"column":0},"end":{"line":8,"column":0}},"8":{"start":{"line":9,"column":0},"end":{"line":9,"column":33}}},"s":{"0":1,"1":1,"2":1,"3":1,"4":4,"5":4,"6":1,"7":1,"8":1},"branchMap":{"0":{"type":"branch","line":4,"loc":{"start":{"line":4,"column":2},"end":{"line":6,"column":3}},"locations":[{"start":{"line":4,"column":2},"end":{"line":6,"column":3}}]}},"b":{"0":[4]},"fnMap":{"0":{"name":"BusinessException","decl":{"start":{"line":4,"column":2},"end":{"line":6,"column":3}},"loc":{"start":{"line":4,"column":2},"end":{"line":6,"column":3}},"line":4}},"f":{"0":4}}
,"/home/george/errorHandler/src/error/database-exception.ts": {"path":"/home/george/errorHandler/src/error/database-exception.ts","all":false,"statementMap":{"0":{"start":{"line":1,"column":0},"end":{"line":1,"column":36}},"1":{"start":{"line":2,"column":0},"end":{"line":2,"column":0}},"2":{"start":{"line":3,"column":0},"end":{"line":3,"column":43}},"3":{"start":{"line":4,"column":0},"end":{"line":4,"column":46}},"4":{"start":{"line":5,"column":0},"end":{"line":5,"column":38}},"5":{"start":{"line":6,"column":0},"end":{"line":6,"column":3}},"6":{"start":{"line":7,"column":0},"end":{"line":7,"column":1}},"7":{"start":{"line":8,"column":0},"end":{"line":8,"column":0}},"8":{"start":{"line":9,"column":0},"end":{"line":9,"column":33}}},"s":{"0":1,"1":1,"2":1,"3":1,"4":0,"5":0,"6":1,"7":1,"8":1},"branchMap":{},"b":{},"fnMap":{"0":{"name":"DatabaseException","decl":{"start":{"line":4,"column":2},"end":{"line":6,"column":3}},"loc":{"start":{"line":4,"column":2},"end":{"line":6,"column":3}},"line":4}},"f":{"0":0}}
,"/home/george/errorHandler/src/error/exception.ts": {"path":"/home/george/errorHandler/src/error/exception.ts","all":false,"statementMap":{"0":{"start":{"line":1,"column":0},"end":{"line":1,"column":33}},"1":{"start":{"line":2,"column":0},"end":{"line":2,"column":0}},"2":{"start":{"line":3,"column":0},"end":{"line":3,"column":26}},"3":{"start":{"line":4,"column":0},"end":{"line":4,"column":29}},"4":{"start":{"line":5,"column":0},"end":{"line":5,"column":0}},"5":{"start":{"line":6,"column":0},"end":{"line":6,"column":14}},"6":{"start":{"line":7,"column":0},"end":{"line":7,"column":36}},"7":{"start":{"line":8,"column":0},"end":{"line":8,"column":33}},"8":{"start":{"line":9,"column":0},"end":{"line":9,"column":33}},"9":{"start":{"line":10,"column":0},"end":{"line":10,"column":5}},"10":{"start":{"line":11,"column":0},"end":{"line":11,"column":50}},"11":{"start":{"line":12,"column":0},"end":{"line":12,"column":34}},"12":{"start":{"line":13,"column":0},"end":{"line":13,"column":3}},"13":{"start":{"line":14,"column":0},"end":{"line":14,"column":1}},"14":{"start":{"line":15,"column":0},"end":{"line":15,"column":0}},"15":{"start":{"line":16,"column":0},"end":{"line":16,"column":25}}},"s":{"0":1,"1":1,"2":1,"3":1,"4":1,"5":1,"6":4,"7":4,"8":4,"9":4,"10":4,"11":4,"12":4,"13":1,"14":1,"15":1},"branchMap":{"0":{"type":"branch","line":6,"loc":{"start":{"line":6,"column":2},"end":{"line":13,"column":3}},"locations":[{"start":{"line":6,"column":2},"end":{"line":13,"column":3}}]}},"b":{"0":[4]},"fnMap":{"0":{"name":"Exception","decl":{"start":{"line":6,"column":2},"end":{"line":13,"column":3}},"loc":{"start":{"line":6,"column":2},"end":{"line":13,"column":3}},"line":6}},"f":{"0":4}}
,"/home/george/errorHandler/src/error/infrastructure-exception.ts": {"path":"/home/george/errorHandler/src/error/infrastructure-exception.ts","all":false,"statementMap":{"0":{"start":{"line":1,"column":0},"end":{"line":1,"column":36}},"1":{"start":{"line":2,"column":0},"end":{"line":2,"column":0}},"2":{"start":{"line":3,"column":0},"end":{"line":3,"column":49}},"3":{"start":{"line":4,"column":0},"end":{"line":4,"column":47}},"4":{"start":{"line":5,"column":0},"end":{"line":5,"column":44}},"5":{"start":{"line":6,"column":0},"end":{"line":6,"column":3}},"6":{"start":{"line":7,"column":0},"end":{"line":7,"column":1}},"7":{"start":{"line":8,"column":0},"end":{"line":8,"column":0}},"8":{"start":{"line":9,"column":0},"end":{"line":9,"column":39}}},"s":{"0":1,"1":1,"2":1,"3":1,"4":0,"5":0,"6":1,"7":1,"8":1},"branchMap":{},"b":{},"fnMap":{"0":{"name":"InfrastructureException","decl":{"start":{"line":4,"column":2},"end":{"line":6,"column":3}},"loc":{"start":{"line":4,"column":2},"end":{"line":6,"column":3}},"line":4}},"f":{"0":0}}
,"/home/george/errorHandler/src/repository/postgres/person-postgres-repository.ts": {"path":"/home/george/errorHandler/src/repository/postgres/person-postgres-repository.ts","all":false,"statementMap":{"0":{"start":{"line":1,"column":0},"end":{"line":1,"column":48}},"1":{"start":{"line":2,"column":0},"end":{"line":2,"column":0}},"2":{"start":{"line":3,"column":0},"end":{"line":3,"column":41}},"3":{"start":{"line":4,"column":0},"end":{"line":4,"column":52}},"4":{"start":{"line":5,"column":0},"end":{"line":5,"column":63}},"5":{"start":{"line":6,"column":0},"end":{"line":6,"column":75}},"6":{"start":{"line":7,"column":0},"end":{"line":7,"column":0}},"7":{"start":{"line":8,"column":0},"end":{"line":8,"column":60}},"8":{"start":{"line":9,"column":0},"end":{"line":9,"column":18}},"9":{"start":{"line":10,"column":0},"end":{"line":10,"column":0}},"10":{"start":{"line":11,"column":0},"end":{"line":11,"column":47}},"11":{"start":{"line":12,"column":0},"end":{"line":12,"column":41}},"12":{"start":{"line":13,"column":0},"end":{"line":13,"column":86}},"13":{"start":{"line":14,"column":0},"end":{"line":14,"column":48}},"14":{"start":{"line":15,"column":0},"end":{"line":15,"column":6}},"15":{"start":{"line":16,"column":0},"end":{"line":16,"column":0}},"16":{"start":{"line":17,"column":0},"end":{"line":17,"column":79}},"17":{"start":{"line":18,"column":0},"end":{"line":18,"column":3}},"18":{"start":{"line":19,"column":0},"end":{"line":19,"column":0}},"19":{"start":{"line":20,"column":0},"end":{"line":20,"column":37}},"20":{"start":{"line":21,"column":0},"end":{"line":21,"column":41}},"21":{"start":{"line":22,"column":0},"end":{"line":22,"column":61}},"22":{"start":{"line":23,"column":0},"end":{"line":23,"column":6}},"23":{"start":{"line":24,"column":0},"end":{"line":24,"column":0}},"24":{"start":{"line":25,"column":0},"end":{"line":25,"column":70}},"25":{"start":{"line":26,"column":0},"end":{"line":26,"column":3}},"26":{"start":{"line":27,"column":0},"end":{"line":27,"column":0}},"27":{"start":{"line":28,"column":0},"end":{"line":28,"column":46}},"28":{"start":{"line":29,"column":0},"end":{"line":29,"column":41}},"29":{"start":{"line":30,"column":0},"end":{"line":30,"column":76}},"30":{"start":{"line":31,"column":0},"end":{"line":31,"column":10}},"31":{"start":{"line":32,"column":0},"end":{"line":32,"column":6}},"32":{"start":{"line":33,"column":0},"end":{"line":33,"column":0}},"33":{"start":{"line":34,"column":0},"end":{"line":34,"column":79}},"34":{"start":{"line":35,"column":0},"end":{"line":35,"column":3}},"35":{"start":{"line":36,"column":0},"end":{"line":36,"column":0}},"36":{"start":{"line":37,"column":0},"end":{"line":37,"column":32}},"37":{"start":{"line":38,"column":0},"end":{"line":38,"column":9}},"38":{"start":{"line":39,"column":0},"end":{"line":39,"column":26}},"39":{"start":{"line":40,"column":0},"end":{"line":40,"column":26}},"40":{"start":{"line":41,"column":0},"end":{"line":41,"column":62}},"41":{"start":{"line":42,"column":0},"end":{"line":42,"column":5}},"42":{"start":{"line":43,"column":0},"end":{"line":43,"column":3}},"43":{"start":{"line":44,"column":0},"end":{"line":44,"column":0}},"44":{"start":{"line":45,"column":0},"end":{"line":45,"column":30}},"45":{"start":{"line":46,"column":0},"end":{"line":46,"column":18}},"46":{"start":{"line":47,"column":0},"end":{"line":47,"column":18}},"47":{"start":{"line":48,"column":0},"end":{"line":48,"column":32}},"48":{"start":{"line":49,"column":0},"end":{"line":49,"column":37}},"49":{"start":{"line":50,"column":0},"end":{"line":50,"column":0}},"50":{"start":{"line":51,"column":0},"end":{"line":51,"column":9}},"51":{"start":{"line":52,"column":0},"end":{"line":52,"column":29}},"52":{"start":{"line":53,"column":0},"end":{"line":53,"column":26}},"53":{"start":{"line":54,"column":0},"end":{"line":54,"column":62}},"54":{"start":{"line":55,"column":0},"end":{"line":55,"column":5}},"55":{"start":{"line":56,"column":0},"end":{"line":56,"column":0}},"56":{"start":{"line":57,"column":0},"end":{"line":57,"column":33}},"57":{"start":{"line":58,"column":0},"end":{"line":58,"column":0}},"58":{"start":{"line":59,"column":0},"end":{"line":59,"column":9}},"59":{"start":{"line":60,"column":0},"end":{"line":60,"column":49}},"60":{"start":{"line":61,"column":0},"end":{"line":61,"column":26}},"61":{"start":{"line":62,"column":0},"end":{"line":62,"column":56}},"62":{"start":{"line":63,"column":0},"end":{"line":63,"column":5}},"63":{"start":{"line":64,"column":0},"end":{"line":64,"column":0}},"64":{"start":{"line":65,"column":0},"end":{"line":65,"column":23}},"65":{"start":{"line":66,"column":0},"end":{"line":66,"column":18}},"66":{"start":{"line":67,"column":0},"end":{"line":67,"column":3}},"67":{"start":{"line":68,"column":0},"end":{"line":68,"column":1}},"68":{"start":{"line":69,"column":0},"end":{"line":69,"column":0}},"69":{"start":{"line":70,"column":0},"end":{"line":70,"column":40}}},"s":{"0":1,"1":1,"2":1,"3":1,"4":1,"5":1,"6":1,"7":1,"8":1,"9":1,"10":1,"11":3,"12":3,"13":3,"14":3,"15":3,"16":3,"17":3,"18":1,"19":1,"20":4,"21":4,"22":4,"23":4,"24":4,"25":4,"26":1,"27":1,"28":2,"29":2,"30":2,"31":2,"32":2,"33":2,"34":2,"35":1,"36":1,"37":9,"38":9,"39":9,"40":0,"41":0,"42":9,"43":1,"44":1,"45":9,"46":9,"47":9,"48":9,"49":9,"50":9,"51":9,"52":9,"53":0,"54":0,"55":9,"56":9,"57":9,"58":9,"59":9,"60":9,"61":0,"62":0,"63":9,"64":9,"65":9,"66":9,"67":1,"68":1,"69":1},"branchMap":{"0":{"type":"branch","line":9,"loc":{"start":{"line":9,"column":2},"end":{"line":9,"column":18}},"locations":[{"start":{"line":9,"column":2},"end":{"line":9,"column":18}}]},"1":{"type":"branch","line":11,"loc":{"start":{"line":11,"column":8},"end":{"line":18,"column":3}},"locations":[{"start":{"line":11,"column":8},"end":{"line":18,"column":3}}]},"2":{"type":"branch","line":20,"loc":{"start":{"line":20,"column":8},"end":{"line":26,"column":3}},"locations":[{"start":{"line":20,"column":8},"end":{"line":26,"column":3}}]},"3":{"type":"branch","line":25,"loc":{"start":{"line":25,"column":24},"end":{"line":25,"column":68}},"locations":[{"start":{"line":25,"column":24},"end":{"line":25,"column":68}}]},"4":{"type":"branch","line":28,"loc":{"start":{"line":28,"column":8},"end":{"line":35,"column":3}},"locations":[{"start":{"line":28,"column":8},"end":{"line":35,"column":3}}]},"5":{"type":"branch","line":37,"loc":{"start":{"line":37,"column":10},"end":{"line":43,"column":3}},"locations":[{"start":{"line":37,"column":10},"end":{"line":43,"column":3}}]},"6":{"type":"branch","line":40,"loc":{"start":{"line":40,"column":6},"end":{"line":42,"column":5}},"locations":[{"start":{"line":40,"column":6},"end":{"line":42,"column":5}}]},"7":{"type":"branch","line":45,"loc":{"start":{"line":45,"column":16},"end":{"line":67,"column":3}},"locations":[{"start":{"line":45,"column":16},"end":{"line":67,"column":3}}]},"8":{"type":"branch","line":53,"loc":{"start":{"line":53,"column":6},"end":{"line":55,"column":5}},"locations":[{"start":{"line":53,"column":6},"end":{"line":55,"column":5}}]},"9":{"type":"branch","line":61,"loc":{"start":{"line":61,"column":6},"end":{"line":63,"column":5}},"locations":[{"start":{"line":61,"column":6},"end":{"line":63,"column":5}}]}},"b":{"0":[9],"1":[3],"2":[4],"3":[166],"4":[2],"5":[9],"6":[0],"7":[9],"8":[0],"9":[0]},"fnMap":{"0":{"name":"PersonRepositoryPostgres","decl":{"start":{"line":9,"column":2},"end":{"line":9,"column":18}},"loc":{"start":{"line":9,"column":2},"end":{"line":9,"column":18}},"line":9},"1":{"name":"save","decl":{"start":{"line":11,"column":8},"end":{"line":18,"column":3}},"loc":{"start":{"line":11,"column":8},"end":{"line":18,"column":3}},"line":11},"2":{"name":"getAll","decl":{"start":{"line":20,"column":8},"end":{"line":26,"column":3}},"loc":{"start":{"line":20,"column":8},"end":{"line":26,"column":3}},"line":20},"3":{"name":"getById","decl":{"start":{"line":28,"column":8},"end":{"line":35,"column":3}},"loc":{"start":{"line":28,"column":8},"end":{"line":35,"column":3}},"line":28},"4":{"name":"getCliente","decl":{"start":{"line":37,"column":10},"end":{"line":43,"column":3}},"loc":{"start":{"line":37,"column":10},"end":{"line":43,"column":3}},"line":37},"5":{"name":"queryExecutor","decl":{"start":{"line":45,"column":16},"end":{"line":67,"column":3}},"loc":{"start":{"line":45,"column":16},"end":{"line":67,"column":3}},"line":45}},"f":{"0":9,"1":3,"2":4,"3":2,"4":9,"5":9}}
,"/home/george/errorHandler/src/use-case/add-person.ts": {"path":"/home/george/errorHandler/src/use-case/add-person.ts","all":false,"statementMap":{"0":{"start":{"line":1,"column":0},"end":{"line":1,"column":38}},"1":{"start":{"line":2,"column":0},"end":{"line":2,"column":63}},"2":{"start":{"line":3,"column":0},"end":{"line":3,"column":0}},"3":{"start":{"line":4,"column":0},"end":{"line":4,"column":24}},"4":{"start":{"line":5,"column":0},"end":{"line":5,"column":62}},"5":{"start":{"line":6,"column":0},"end":{"line":6,"column":0}},"6":{"start":{"line":7,"column":0},"end":{"line":7,"column":50}},"7":{"start":{"line":8,"column":0},"end":{"line":8,"column":46}},"8":{"start":{"line":9,"column":0},"end":{"line":9,"column":3}},"9":{"start":{"line":10,"column":0},"end":{"line":10,"column":1}},"10":{"start":{"line":11,"column":0},"end":{"line":11,"column":0}},"11":{"start":{"line":12,"column":0},"end":{"line":12,"column":32}}},"s":{"0":1,"1":1,"2":1,"3":1,"4":1,"5":1,"6":1,"7":2,"8":2,"9":1,"10":1,"11":1},"branchMap":{"0":{"type":"branch","line":5,"loc":{"start":{"line":5,"column":2},"end":{"line":5,"column":62}},"locations":[{"start":{"line":5,"column":2},"end":{"line":5,"column":62}}]},"1":{"type":"branch","line":7,"loc":{"start":{"line":7,"column":8},"end":{"line":9,"column":3}},"locations":[{"start":{"line":7,"column":8},"end":{"line":9,"column":3}}]}},"b":{"0":[5],"1":[2]},"fnMap":{"0":{"name":"AddPersonUseCase","decl":{"start":{"line":5,"column":2},"end":{"line":5,"column":62}},"loc":{"start":{"line":5,"column":2},"end":{"line":5,"column":62}},"line":5},"1":{"name":"execute","decl":{"start":{"line":7,"column":8},"end":{"line":9,"column":3}},"loc":{"start":{"line":7,"column":8},"end":{"line":9,"column":3}},"line":7}},"f":{"0":5,"1":2}}
,"/home/george/errorHandler/src/use-case/fetch-all-people.ts": {"path":"/home/george/errorHandler/src/use-case/fetch-all-people.ts","all":false,"statementMap":{"0":{"start":{"line":1,"column":0},"end":{"line":1,"column":38}},"1":{"start":{"line":2,"column":0},"end":{"line":2,"column":63}},"2":{"start":{"line":3,"column":0},"end":{"line":3,"column":0}},"3":{"start":{"line":4,"column":0},"end":{"line":4,"column":22}},"4":{"start":{"line":5,"column":0},"end":{"line":5,"column":62}},"5":{"start":{"line":6,"column":0},"end":{"line":6,"column":0}},"6":{"start":{"line":7,"column":0},"end":{"line":7,"column":38}},"7":{"start":{"line":8,"column":0},"end":{"line":8,"column":42}},"8":{"start":{"line":9,"column":0},"end":{"line":9,"column":3}},"9":{"start":{"line":10,"column":0},"end":{"line":10,"column":1}},"10":{"start":{"line":11,"column":0},"end":{"line":11,"column":0}},"11":{"start":{"line":12,"column":0},"end":{"line":12,"column":30}}},"s":{"0":1,"1":1,"2":1,"3":1,"4":1,"5":1,"6":1,"7":2,"8":2,"9":1,"10":1,"11":1},"branchMap":{"0":{"type":"branch","line":5,"loc":{"start":{"line":5,"column":2},"end":{"line":5,"column":62}},"locations":[{"start":{"line":5,"column":2},"end":{"line":5,"column":62}}]},"1":{"type":"branch","line":7,"loc":{"start":{"line":7,"column":8},"end":{"line":9,"column":3}},"locations":[{"start":{"line":7,"column":8},"end":{"line":9,"column":3}}]}},"b":{"0":[4],"1":[2]},"fnMap":{"0":{"name":"FetchAllPeople","decl":{"start":{"line":5,"column":2},"end":{"line":5,"column":62}},"loc":{"start":{"line":5,"column":2},"end":{"line":5,"column":62}},"line":5},"1":{"name":"execute","decl":{"start":{"line":7,"column":8},"end":{"line":9,"column":3}},"loc":{"start":{"line":7,"column":8},"end":{"line":9,"column":3}},"line":7}},"f":{"0":4,"1":2}}
,"/home/george/errorHandler/src/use-case/fetch-person-by-id.ts": {"path":"/home/george/errorHandler/src/use-case/fetch-person-by-id.ts","all":false,"statementMap":{"0":{"start":{"line":1,"column":0},"end":{"line":1,"column":38}},"1":{"start":{"line":2,"column":0},"end":{"line":2,"column":63}},"2":{"start":{"line":3,"column":0},"end":{"line":3,"column":0}},"3":{"start":{"line":4,"column":0},"end":{"line":4,"column":23}},"4":{"start":{"line":5,"column":0},"end":{"line":5,"column":62}},"5":{"start":{"line":6,"column":0},"end":{"line":6,"column":0}},"6":{"start":{"line":7,"column":0},"end":{"line":7,"column":46}},"7":{"start":{"line":8,"column":0},"end":{"line":8,"column":45}},"8":{"start":{"line":9,"column":0},"end":{"line":9,"column":3}},"9":{"start":{"line":10,"column":0},"end":{"line":10,"column":1}},"10":{"start":{"line":11,"column":0},"end":{"line":11,"column":0}},"11":{"start":{"line":12,"column":0},"end":{"line":12,"column":31}}},"s":{"0":1,"1":1,"2":1,"3":1,"4":1,"5":1,"6":1,"7":1,"8":1,"9":1,"10":1,"11":1},"branchMap":{"0":{"type":"branch","line":5,"loc":{"start":{"line":5,"column":2},"end":{"line":5,"column":62}},"locations":[{"start":{"line":5,"column":2},"end":{"line":5,"column":62}}]},"1":{"type":"branch","line":7,"loc":{"start":{"line":7,"column":8},"end":{"line":9,"column":3}},"locations":[{"start":{"line":7,"column":8},"end":{"line":9,"column":3}}]}},"b":{"0":[4],"1":[1]},"fnMap":{"0":{"name":"FetchPersonById","decl":{"start":{"line":5,"column":2},"end":{"line":5,"column":62}},"loc":{"start":{"line":5,"column":2},"end":{"line":5,"column":62}},"line":5},"1":{"name":"execute","decl":{"start":{"line":7,"column":8},"end":{"line":9,"column":3}},"loc":{"start":{"line":7,"column":8},"end":{"line":9,"column":3}},"line":7}},"f":{"0":4,"1":1}}
}
