{"/home/george/errorhandler/build/src/controller/person-controller.js": {"path":"/home/george/errorhandler/build/src/controller/person-controller.js","all":false,"statementMap":{"0":{"start":{"line":1,"column":0},"end":{"line":1,"column":13}},"1":{"start":{"line":2,"column":0},"end":{"line":2,"column":90}},"2":{"start":{"line":3,"column":0},"end":{"line":3,"column":112}},"3":{"start":{"line":4,"column":0},"end":{"line":4,"column":64}},"4":{"start":{"line":5,"column":0},"end":{"line":5,"column":99}},"5":{"start":{"line":6,"column":0},"end":{"line":6,"column":102}},"6":{"start":{"line":7,"column":0},"end":{"line":7,"column":118}},"7":{"start":{"line":8,"column":0},"end":{"line":8,"column":78}},"8":{"start":{"line":9,"column":0},"end":{"line":9,"column":7}},"9":{"start":{"line":10,"column":0},"end":{"line":10,"column":2}},"10":{"start":{"line":11,"column":0},"end":{"line":11,"column":72}},"11":{"start":{"line":12,"column":0},"end":{"line":12,"column":62}},"12":{"start":{"line":13,"column":0},"end":{"line":13,"column":2}},"13":{"start":{"line":14,"column":0},"end":{"line":14,"column":62}},"14":{"start":{"line":15,"column":0},"end":{"line":15,"column":59}},"15":{"start":{"line":16,"column":0},"end":{"line":16,"column":62}},"16":{"start":{"line":17,"column":0},"end":{"line":17,"column":72}},"17":{"start":{"line":18,"column":0},"end":{"line":18,"column":84}},"18":{"start":{"line":19,"column":0},"end":{"line":19,"column":88}},"19":{"start":{"line":20,"column":0},"end":{"line":20,"column":115}},"20":{"start":{"line":21,"column":0},"end":{"line":21,"column":24}},"21":{"start":{"line":22,"column":0},"end":{"line":22,"column":19}},"22":{"start":{"line":23,"column":0},"end":{"line":23,"column":69}},"23":{"start":{"line":24,"column":0},"end":{"line":24,"column":68}},"24":{"start":{"line":25,"column":0},"end":{"line":25,"column":79}},"25":{"start":{"line":26,"column":0},"end":{"line":26,"column":80}},"26":{"start":{"line":27,"column":0},"end":{"line":27,"column":5}},"27":{"start":{"line":28,"column":0},"end":{"line":28,"column":33}},"28":{"start":{"line":29,"column":0},"end":{"line":29,"column":61}},"29":{"start":{"line":30,"column":0},"end":{"line":30,"column":69}},"30":{"start":{"line":31,"column":0},"end":{"line":31,"column":72}},"31":{"start":{"line":32,"column":0},"end":{"line":32,"column":20}},"32":{"start":{"line":33,"column":0},"end":{"line":33,"column":37}},"33":{"start":{"line":34,"column":0},"end":{"line":34,"column":41}},"34":{"start":{"line":35,"column":0},"end":{"line":35,"column":61}},"35":{"start":{"line":36,"column":0},"end":{"line":36,"column":14}},"36":{"start":{"line":37,"column":0},"end":{"line":37,"column":11}},"37":{"start":{"line":38,"column":0},"end":{"line":38,"column":5}},"38":{"start":{"line":39,"column":0},"end":{"line":39,"column":17}},"39":{"start":{"line":40,"column":0},"end":{"line":40,"column":61}},"40":{"start":{"line":41,"column":0},"end":{"line":41,"column":65}},"41":{"start":{"line":42,"column":0},"end":{"line":42,"column":52}},"42":{"start":{"line":43,"column":0},"end":{"line":43,"column":59}},"43":{"start":{"line":44,"column":0},"end":{"line":44,"column":13}},"44":{"start":{"line":45,"column":0},"end":{"line":45,"column":18}},"45":{"start":{"line":46,"column":0},"end":{"line":46,"column":45}},"46":{"start":{"line":47,"column":0},"end":{"line":47,"column":41}},"47":{"start":{"line":48,"column":0},"end":{"line":48,"column":45}},"48":{"start":{"line":49,"column":0},"end":{"line":49,"column":55}},"49":{"start":{"line":50,"column":0},"end":{"line":50,"column":19}},"50":{"start":{"line":51,"column":0},"end":{"line":51,"column":13}},"51":{"start":{"line":52,"column":0},"end":{"line":52,"column":11}},"52":{"start":{"line":53,"column":0},"end":{"line":53,"column":5}},"53":{"start":{"line":54,"column":0},"end":{"line":54,"column":16}},"54":{"start":{"line":55,"column":0},"end":{"line":55,"column":61}},"55":{"start":{"line":56,"column":0},"end":{"line":56,"column":71}},"56":{"start":{"line":57,"column":0},"end":{"line":57,"column":25}},"57":{"start":{"line":58,"column":0},"end":{"line":58,"column":29}},"58":{"start":{"line":59,"column":0},"end":{"line":59,"column":39}},"59":{"start":{"line":60,"column":0},"end":{"line":60,"column":16}},"60":{"start":{"line":61,"column":0},"end":{"line":61,"column":11}},"61":{"start":{"line":62,"column":0},"end":{"line":62,"column":5}},"62":{"start":{"line":63,"column":0},"end":{"line":63,"column":1}},"63":{"start":{"line":64,"column":0},"end":{"line":64,"column":35}}},"s":{"0":1,"1":1,"2":4,"3":4,"4":4,"5":4,"6":4,"7":4,"8":4,"9":1,"10":1,"11":6,"12":1,"13":1,"14":1,"15":1,"16":1,"17":1,"18":1,"19":1,"20":1,"21":1,"22":4,"23":4,"24":4,"25":4,"26":4,"27":1,"28":1,"29":1,"30":1,"31":1,"32":1,"33":1,"34":1,"35":1,"36":1,"37":1,"38":1,"39":1,"40":1,"41":1,"42":0,"43":0,"44":1,"45":1,"46":1,"47":1,"48":1,"49":1,"50":1,"51":1,"52":1,"53":1,"54":2,"55":2,"56":94,"57":94,"58":94,"59":2,"60":2,"61":2,"62":1,"63":1},"branchMap":{"0":{"type":"branch","line":1,"loc":{"start":{"line":1,"column":0},"end":{"line":64,"column":35}},"locations":[{"start":{"line":1,"column":0},"end":{"line":64,"column":35}}]},"1":{"type":"branch","line":1,"loc":{"start":{"line":1,"column":0},"end":{"line":64,"column":35}},"locations":[{"start":{"line":1,"column":0},"end":{"line":64,"column":35}}]},"2":{"type":"branch","line":2,"loc":{"start":{"line":2,"column":44},"end":{"line":10,"column":1}},"locations":[{"start":{"line":2,"column":44},"end":{"line":10,"column":1}}]},"3":{"type":"branch","line":3,"loc":{"start":{"line":3,"column":4},"end":{"line":3,"column":112}},"locations":[{"start":{"line":3,"column":4},"end":{"line":3,"column":112}}]},"4":{"type":"branch","line":3,"loc":{"start":{"line":3,"column":62},"end":{"line":3,"column":109}},"locations":[{"start":{"line":3,"column":62},"end":{"line":3,"column":109}}]},"5":{"type":"branch","line":4,"loc":{"start":{"line":4,"column":36},"end":{"line":9,"column":5}},"locations":[{"start":{"line":4,"column":36},"end":{"line":9,"column":5}}]},"6":{"type":"branch","line":5,"loc":{"start":{"line":5,"column":8},"end":{"line":5,"column":99}},"locations":[{"start":{"line":5,"column":8},"end":{"line":5,"column":99}}]},"7":{"type":"branch","line":5,"loc":{"start":{"line":5,"column":73},"end":{"line":5,"column":97}},"locations":[{"start":{"line":5,"column":73},"end":{"line":5,"column":97}}]},"8":{"type":"branch","line":7,"loc":{"start":{"line":7,"column":8},"end":{"line":7,"column":118}},"locations":[{"start":{"line":7,"column":8},"end":{"line":7,"column":118}}]},"9":{"type":"branch","line":7,"loc":{"start":{"line":7,"column":44},"end":{"line":7,"column":67}},"locations":[{"start":{"line":7,"column":44},"end":{"line":7,"column":67}}]},"10":{"type":"branch","line":7,"loc":{"start":{"line":7,"column":68},"end":{"line":7,"column":115}},"locations":[{"start":{"line":7,"column":68},"end":{"line":7,"column":115}}]},"11":{"type":"branch","line":11,"loc":{"start":{"line":11,"column":56},"end":{"line":13,"column":1}},"locations":[{"start":{"line":11,"column":56},"end":{"line":13,"column":1}}]},"12":{"type":"branch","line":12,"loc":{"start":{"line":12,"column":41},"end":{"line":12,"column":61}},"locations":[{"start":{"line":12,"column":41},"end":{"line":12,"column":61}}]},"13":{"type":"branch","line":22,"loc":{"start":{"line":22,"column":4},"end":{"line":27,"column":5}},"locations":[{"start":{"line":22,"column":4},"end":{"line":27,"column":5}}]},"14":{"type":"branch","line":28,"loc":{"start":{"line":28,"column":4},"end":{"line":38,"column":5}},"locations":[{"start":{"line":28,"column":4},"end":{"line":38,"column":5}}]},"15":{"type":"branch","line":29,"loc":{"start":{"line":29,"column":47},"end":{"line":37,"column":9}},"locations":[{"start":{"line":29,"column":47},"end":{"line":37,"column":9}}]},"16":{"type":"branch","line":39,"loc":{"start":{"line":39,"column":4},"end":{"line":53,"column":5}},"locations":[{"start":{"line":39,"column":4},"end":{"line":53,"column":5}}]},"17":{"type":"branch","line":40,"loc":{"start":{"line":40,"column":47},"end":{"line":52,"column":9}},"locations":[{"start":{"line":40,"column":47},"end":{"line":52,"column":9}}]},"18":{"type":"branch","line":42,"loc":{"start":{"line":42,"column":51},"end":{"line":44,"column":13}},"locations":[{"start":{"line":42,"column":51},"end":{"line":44,"column":13}}]},"19":{"type":"branch","line":54,"loc":{"start":{"line":54,"column":4},"end":{"line":62,"column":5}},"locations":[{"start":{"line":54,"column":4},"end":{"line":62,"column":5}}]},"20":{"type":"branch","line":55,"loc":{"start":{"line":55,"column":47},"end":{"line":61,"column":9}},"locations":[{"start":{"line":55,"column":47},"end":{"line":61,"column":9}}]},"21":{"type":"branch","line":56,"loc":{"start":{"line":56,"column":62},"end":{"line":60,"column":14}},"locations":[{"start":{"line":56,"column":62},"end":{"line":60,"column":14}}]}},"b":{"0":[1],"1":[1],"2":[4],"3":[4],"4":[0],"5":[4],"6":[4],"7":[0],"8":[8],"9":[4],"10":[4],"11":[6],"12":[0],"13":[4],"14":[1],"15":[1],"16":[1],"17":[1],"18":[0],"19":[2],"20":[2],"21":[94]},"fnMap":{"0":{"name":"Object.<anonymous>","decl":{"start":{"line":1,"column":0},"end":{"line":64,"column":35}},"loc":{"start":{"line":1,"column":0},"end":{"line":64,"column":35}},"line":1},"1":{"name":"Object.<anonymous>.__awaiter","decl":{"start":{"line":2,"column":44},"end":{"line":10,"column":1}},"loc":{"start":{"line":2,"column":44},"end":{"line":10,"column":1}},"line":2},"2":{"name":"adopt","decl":{"start":{"line":3,"column":4},"end":{"line":3,"column":112}},"loc":{"start":{"line":3,"column":4},"end":{"line":3,"column":112}},"line":3},"3":{"name":"fulfilled","decl":{"start":{"line":5,"column":8},"end":{"line":5,"column":99}},"loc":{"start":{"line":5,"column":8},"end":{"line":5,"column":99}},"line":5},"4":{"name":"rejected","decl":{"start":{"line":6,"column":8},"end":{"line":6,"column":102}},"loc":{"start":{"line":6,"column":8},"end":{"line":6,"column":102}},"line":6},"5":{"name":"step","decl":{"start":{"line":7,"column":8},"end":{"line":7,"column":118}},"loc":{"start":{"line":7,"column":8},"end":{"line":7,"column":118}},"line":7},"6":{"name":"Object.<anonymous>.__importDefault","decl":{"start":{"line":11,"column":56},"end":{"line":13,"column":1}},"loc":{"start":{"line":11,"column":56},"end":{"line":13,"column":1}},"line":11},"7":{"name":"PersonController","decl":{"start":{"line":22,"column":4},"end":{"line":27,"column":5}},"loc":{"start":{"line":22,"column":4},"end":{"line":27,"column":5}},"line":22},"8":{"name":"create","decl":{"start":{"line":28,"column":4},"end":{"line":38,"column":5}},"loc":{"start":{"line":28,"column":4},"end":{"line":38,"column":5}},"line":28},"9":{"name":"getById","decl":{"start":{"line":39,"column":4},"end":{"line":53,"column":5}},"loc":{"start":{"line":39,"column":4},"end":{"line":53,"column":5}},"line":39},"10":{"name":"fetchAll","decl":{"start":{"line":54,"column":4},"end":{"line":62,"column":5}},"loc":{"start":{"line":54,"column":4},"end":{"line":62,"column":5}},"line":54}},"f":{"0":1,"1":4,"2":4,"3":4,"4":0,"5":8,"6":6,"7":4,"8":1,"9":1,"10":2}}
,"/home/george/errorhandler/build/src/entity/person.js": {"path":"/home/george/errorhandler/build/src/entity/person.js","all":false,"statementMap":{"0":{"start":{"line":1,"column":0},"end":{"line":1,"column":13}},"1":{"start":{"line":2,"column":0},"end":{"line":2,"column":97}},"2":{"start":{"line":3,"column":0},"end":{"line":3,"column":33}},"3":{"start":{"line":4,"column":0},"end":{"line":4,"column":53}},"4":{"start":{"line":5,"column":0},"end":{"line":5,"column":88}},"5":{"start":{"line":6,"column":0},"end":{"line":6,"column":68}},"6":{"start":{"line":7,"column":0},"end":{"line":7,"column":5}},"7":{"start":{"line":8,"column":0},"end":{"line":8,"column":39}},"8":{"start":{"line":9,"column":0},"end":{"line":9,"column":29}},"9":{"start":{"line":10,"column":0},"end":{"line":10,"column":33}},"10":{"start":{"line":11,"column":0},"end":{"line":11,"column":17}},"11":{"start":{"line":12,"column":0},"end":{"line":12,"column":4}},"12":{"start":{"line":13,"column":0},"end":{"line":13,"column":96}},"13":{"start":{"line":14,"column":0},"end":{"line":14,"column":72}},"14":{"start":{"line":15,"column":0},"end":{"line":15,"column":21}},"15":{"start":{"line":16,"column":0},"end":{"line":16,"column":21}},"16":{"start":{"line":17,"column":0},"end":{"line":17,"column":3}},"17":{"start":{"line":18,"column":0},"end":{"line":18,"column":66}},"18":{"start":{"line":19,"column":0},"end":{"line":19,"column":42}},"19":{"start":{"line":20,"column":0},"end":{"line":20,"column":20}},"20":{"start":{"line":21,"column":0},"end":{"line":21,"column":141}},"21":{"start":{"line":22,"column":0},"end":{"line":22,"column":36}},"22":{"start":{"line":23,"column":0},"end":{"line":23,"column":18}},"23":{"start":{"line":24,"column":0},"end":{"line":24,"column":2}},"24":{"start":{"line":25,"column":0},"end":{"line":25,"column":72}},"25":{"start":{"line":26,"column":0},"end":{"line":26,"column":62}},"26":{"start":{"line":27,"column":0},"end":{"line":27,"column":2}},"27":{"start":{"line":28,"column":0},"end":{"line":28,"column":62}},"28":{"start":{"line":29,"column":0},"end":{"line":29,"column":47}},"29":{"start":{"line":30,"column":0},"end":{"line":30,"column":85}},"30":{"start":{"line":31,"column":0},"end":{"line":31,"column":14}},"31":{"start":{"line":32,"column":0},"end":{"line":32,"column":60}},"32":{"start":{"line":33,"column":0},"end":{"line":33,"column":25}},"33":{"start":{"line":34,"column":0},"end":{"line":34,"column":35}},"34":{"start":{"line":35,"column":0},"end":{"line":35,"column":21}},"35":{"start":{"line":36,"column":0},"end":{"line":36,"column":24}},"36":{"start":{"line":37,"column":0},"end":{"line":37,"column":5}},"37":{"start":{"line":38,"column":0},"end":{"line":38,"column":27}},"38":{"start":{"line":39,"column":0},"end":{"line":39,"column":25}},"39":{"start":{"line":40,"column":0},"end":{"line":40,"column":72}},"40":{"start":{"line":41,"column":0},"end":{"line":41,"column":9}},"41":{"start":{"line":42,"column":0},"end":{"line":42,"column":5}},"42":{"start":{"line":43,"column":0},"end":{"line":43,"column":31}},"43":{"start":{"line":44,"column":0},"end":{"line":44,"column":53}},"44":{"start":{"line":45,"column":0},"end":{"line":45,"column":98}},"45":{"start":{"line":46,"column":0},"end":{"line":46,"column":9}},"46":{"start":{"line":47,"column":0},"end":{"line":47,"column":5}},"47":{"start":{"line":48,"column":0},"end":{"line":48,"column":33}},"48":{"start":{"line":49,"column":0},"end":{"line":49,"column":30}},"49":{"start":{"line":50,"column":0},"end":{"line":50,"column":87}},"50":{"start":{"line":51,"column":0},"end":{"line":51,"column":9}},"51":{"start":{"line":52,"column":0},"end":{"line":52,"column":5}},"52":{"start":{"line":53,"column":0},"end":{"line":53,"column":31}},"53":{"start":{"line":54,"column":0},"end":{"line":54,"column":52}},"54":{"start":{"line":55,"column":0},"end":{"line":55,"column":87}},"55":{"start":{"line":56,"column":0},"end":{"line":56,"column":9}},"56":{"start":{"line":57,"column":0},"end":{"line":57,"column":5}},"57":{"start":{"line":58,"column":0},"end":{"line":58,"column":16}},"58":{"start":{"line":59,"column":0},"end":{"line":59,"column":35}},"59":{"start":{"line":60,"column":0},"end":{"line":60,"column":39}},"60":{"start":{"line":61,"column":0},"end":{"line":61,"column":41}},"61":{"start":{"line":62,"column":0},"end":{"line":62,"column":39}},"62":{"start":{"line":63,"column":0},"end":{"line":63,"column":5}},"63":{"start":{"line":64,"column":0},"end":{"line":64,"column":1}},"64":{"start":{"line":65,"column":0},"end":{"line":65,"column":25}}},"s":{"0":4,"1":4,"2":256,"3":256,"4":256,"5":252,"6":252,"7":256,"8":4,"9":0,"10":0,"11":4,"12":4,"13":4,"14":4,"15":0,"16":4,"17":4,"18":4,"19":4,"20":4,"21":4,"22":4,"23":4,"24":4,"25":4,"26":4,"27":4,"28":4,"29":4,"30":4,"31":4,"32":201,"33":201,"34":201,"35":201,"36":201,"37":4,"38":201,"39":1,"40":1,"41":201,"42":4,"43":200,"44":1,"45":1,"46":200,"47":4,"48":199,"49":1,"50":1,"51":199,"52":4,"53":198,"54":1,"55":1,"56":198,"57":4,"58":201,"59":201,"60":201,"61":201,"62":201,"63":4,"64":4},"branchMap":{"0":{"type":"branch","line":1,"loc":{"start":{"line":1,"column":0},"end":{"line":65,"column":25}},"locations":[{"start":{"line":1,"column":0},"end":{"line":65,"column":25}}]},"1":{"type":"branch","line":1,"loc":{"start":{"line":1,"column":0},"end":{"line":65,"column":25}},"locations":[{"start":{"line":1,"column":0},"end":{"line":65,"column":25}}]},"2":{"type":"branch","line":9,"loc":{"start":{"line":9,"column":3},"end":{"line":12,"column":2}},"locations":[{"start":{"line":9,"column":3},"end":{"line":12,"column":2}}]},"3":{"type":"branch","line":15,"loc":{"start":{"line":15,"column":3},"end":{"line":17,"column":1}},"locations":[{"start":{"line":15,"column":3},"end":{"line":17,"column":1}}]},"4":{"type":"branch","line":2,"loc":{"start":{"line":2,"column":74},"end":{"line":9,"column":1}},"locations":[{"start":{"line":2,"column":74},"end":{"line":9,"column":1}}]},"5":{"type":"branch","line":5,"loc":{"start":{"line":5,"column":32},"end":{"line":5,"column":47}},"locations":[{"start":{"line":5,"column":32},"end":{"line":5,"column":47}}]},"6":{"type":"branch","line":5,"loc":{"start":{"line":5,"column":48},"end":{"line":5,"column":84}},"locations":[{"start":{"line":5,"column":48},"end":{"line":5,"column":84}}]},"7":{"type":"branch","line":5,"loc":{"start":{"line":5,"column":64},"end":{"line":5,"column":84}},"locations":[{"start":{"line":5,"column":64},"end":{"line":5,"column":84}}]},"8":{"type":"branch","line":5,"loc":{"start":{"line":5,"column":87},"end":{"line":7,"column":5}},"locations":[{"start":{"line":5,"column":87},"end":{"line":7,"column":5}}]},"9":{"type":"branch","line":6,"loc":{"start":{"line":6,"column":38},"end":{"line":6,"column":65}},"locations":[{"start":{"line":6,"column":38},"end":{"line":6,"column":65}}]},"10":{"type":"branch","line":13,"loc":{"start":{"line":13,"column":80},"end":{"line":15,"column":1}},"locations":[{"start":{"line":13,"column":80},"end":{"line":15,"column":1}}]},"11":{"type":"branch","line":18,"loc":{"start":{"line":18,"column":50},"end":{"line":24,"column":1}},"locations":[{"start":{"line":18,"column":50},"end":{"line":24,"column":1}}]},"12":{"type":"branch","line":19,"loc":{"start":{"line":19,"column":31},"end":{"line":19,"column":42}},"locations":[{"start":{"line":19,"column":31},"end":{"line":19,"column":42}}]},"13":{"type":"branch","line":21,"loc":{"start":{"line":21,"column":40},"end":{"line":21,"column":141}},"locations":[{"start":{"line":21,"column":40},"end":{"line":21,"column":141}}]},"14":{"type":"branch","line":25,"loc":{"start":{"line":25,"column":56},"end":{"line":27,"column":1}},"locations":[{"start":{"line":25,"column":56},"end":{"line":27,"column":1}}]},"15":{"type":"branch","line":26,"loc":{"start":{"line":26,"column":41},"end":{"line":26,"column":61}},"locations":[{"start":{"line":26,"column":41},"end":{"line":26,"column":61}}]},"16":{"type":"branch","line":32,"loc":{"start":{"line":32,"column":4},"end":{"line":37,"column":5}},"locations":[{"start":{"line":32,"column":4},"end":{"line":37,"column":5}}]},"17":{"type":"branch","line":38,"loc":{"start":{"line":38,"column":4},"end":{"line":42,"column":5}},"locations":[{"start":{"line":38,"column":4},"end":{"line":42,"column":5}}]},"18":{"type":"branch","line":39,"loc":{"start":{"line":39,"column":24},"end":{"line":41,"column":9}},"locations":[{"start":{"line":39,"column":24},"end":{"line":41,"column":9}}]},"19":{"type":"branch","line":43,"loc":{"start":{"line":43,"column":4},"end":{"line":47,"column":5}},"locations":[{"start":{"line":43,"column":4},"end":{"line":47,"column":5}}]},"20":{"type":"branch","line":44,"loc":{"start":{"line":44,"column":52},"end":{"line":46,"column":9}},"locations":[{"start":{"line":44,"column":52},"end":{"line":46,"column":9}}]},"21":{"type":"branch","line":48,"loc":{"start":{"line":48,"column":4},"end":{"line":52,"column":5}},"locations":[{"start":{"line":48,"column":4},"end":{"line":52,"column":5}}]},"22":{"type":"branch","line":49,"loc":{"start":{"line":49,"column":29},"end":{"line":51,"column":9}},"locations":[{"start":{"line":49,"column":29},"end":{"line":51,"column":9}}]},"23":{"type":"branch","line":53,"loc":{"start":{"line":53,"column":4},"end":{"line":57,"column":5}},"locations":[{"start":{"line":53,"column":4},"end":{"line":57,"column":5}}]},"24":{"type":"branch","line":54,"loc":{"start":{"line":54,"column":51},"end":{"line":56,"column":9}},"locations":[{"start":{"line":54,"column":51},"end":{"line":56,"column":9}}]},"25":{"type":"branch","line":58,"loc":{"start":{"line":58,"column":4},"end":{"line":63,"column":5}},"locations":[{"start":{"line":58,"column":4},"end":{"line":63,"column":5}}]}},"b":{"0":[4],"1":[4],"2":[0],"3":[0],"4":[256],"5":[4],"6":[252],"7":[4],"8":[252],"9":[4],"10":[4],"11":[4],"12":[0],"13":[256],"14":[4],"15":[0],"16":[201],"17":[201],"18":[1],"19":[200],"20":[1],"21":[199],"22":[1],"23":[198],"24":[1],"25":[201]},"fnMap":{"0":{"name":"Object.<anonymous>","decl":{"start":{"line":1,"column":0},"end":{"line":65,"column":25}},"loc":{"start":{"line":1,"column":0},"end":{"line":65,"column":25}},"line":1},"1":{"name":"get","decl":{"start":{"line":6,"column":38},"end":{"line":6,"column":65}},"loc":{"start":{"line":6,"column":38},"end":{"line":6,"column":65}},"line":6},"2":{"name":"Object.<anonymous>.__setModuleDefault","decl":{"start":{"line":15,"column":5},"end":{"line":17,"column":1}},"loc":{"start":{"line":15,"column":5},"end":{"line":17,"column":1}},"line":15},"3":{"name":"Object.<anonymous>.__importStar","decl":{"start":{"line":18,"column":50},"end":{"line":24,"column":1}},"loc":{"start":{"line":18,"column":50},"end":{"line":24,"column":1}},"line":18},"4":{"name":"Object.<anonymous>.__importDefault","decl":{"start":{"line":25,"column":56},"end":{"line":27,"column":1}},"loc":{"start":{"line":25,"column":56},"end":{"line":27,"column":1}},"line":25},"5":{"name":"Person","decl":{"start":{"line":32,"column":4},"end":{"line":37,"column":5}},"loc":{"start":{"line":32,"column":4},"end":{"line":37,"column":5}},"line":32},"6":{"name":"validateNameInforme","decl":{"start":{"line":38,"column":4},"end":{"line":42,"column":5}},"loc":{"start":{"line":38,"column":4},"end":{"line":42,"column":5}},"line":38},"7":{"name":"validateNameAndLastName","decl":{"start":{"line":43,"column":4},"end":{"line":47,"column":5}},"loc":{"start":{"line":43,"column":4},"end":{"line":47,"column":5}},"line":43},"8":{"name":"validateBirthdateInformed","decl":{"start":{"line":48,"column":4},"end":{"line":52,"column":5}},"loc":{"start":{"line":48,"column":4},"end":{"line":52,"column":5}},"line":48},"9":{"name":"validateBirthdateInPast","decl":{"start":{"line":53,"column":4},"end":{"line":57,"column":5}},"loc":{"start":{"line":53,"column":4},"end":{"line":57,"column":5}},"line":53},"10":{"name":"validate","decl":{"start":{"line":58,"column":4},"end":{"line":63,"column":5}},"loc":{"start":{"line":58,"column":4},"end":{"line":63,"column":5}},"line":58}},"f":{"0":4,"1":4,"2":0,"3":4,"4":4,"5":201,"6":201,"7":200,"8":199,"9":198,"10":201}}
,"/home/george/errorhandler/build/src/error/business-exception.js": {"path":"/home/george/errorhandler/build/src/error/business-exception.js","all":false,"statementMap":{"0":{"start":{"line":1,"column":0},"end":{"line":1,"column":13}},"1":{"start":{"line":2,"column":0},"end":{"line":2,"column":72}},"2":{"start":{"line":3,"column":0},"end":{"line":3,"column":62}},"3":{"start":{"line":4,"column":0},"end":{"line":4,"column":2}},"4":{"start":{"line":5,"column":0},"end":{"line":5,"column":62}},"5":{"start":{"line":6,"column":0},"end":{"line":6,"column":60}},"6":{"start":{"line":7,"column":0},"end":{"line":7,"column":53}},"7":{"start":{"line":8,"column":0},"end":{"line":8,"column":26}},"8":{"start":{"line":9,"column":0},"end":{"line":9,"column":35}},"9":{"start":{"line":10,"column":0},"end":{"line":10,"column":31}},"10":{"start":{"line":11,"column":0},"end":{"line":11,"column":5}},"11":{"start":{"line":12,"column":0},"end":{"line":12,"column":1}},"12":{"start":{"line":13,"column":0},"end":{"line":13,"column":36}}},"s":{"0":4,"1":4,"2":4,"3":4,"4":4,"5":4,"6":4,"7":4,"8":4,"9":4,"10":4,"11":4,"12":4},"branchMap":{"0":{"type":"branch","line":1,"loc":{"start":{"line":1,"column":0},"end":{"line":13,"column":36}},"locations":[{"start":{"line":1,"column":0},"end":{"line":13,"column":36}}]},"1":{"type":"branch","line":1,"loc":{"start":{"line":1,"column":0},"end":{"line":13,"column":36}},"locations":[{"start":{"line":1,"column":0},"end":{"line":13,"column":36}}]},"2":{"type":"branch","line":2,"loc":{"start":{"line":2,"column":56},"end":{"line":4,"column":1}},"locations":[{"start":{"line":2,"column":56},"end":{"line":4,"column":1}}]},"3":{"type":"branch","line":3,"loc":{"start":{"line":3,"column":41},"end":{"line":3,"column":61}},"locations":[{"start":{"line":3,"column":41},"end":{"line":3,"column":61}}]},"4":{"type":"branch","line":8,"loc":{"start":{"line":8,"column":4},"end":{"line":11,"column":5}},"locations":[{"start":{"line":8,"column":4},"end":{"line":11,"column":5}}]}},"b":{"0":[4],"1":[4],"2":[4],"3":[0],"4":[4]},"fnMap":{"0":{"name":"Object.<anonymous>","decl":{"start":{"line":1,"column":0},"end":{"line":13,"column":36}},"loc":{"start":{"line":1,"column":0},"end":{"line":13,"column":36}},"line":1},"1":{"name":"Object.<anonymous>.__importDefault","decl":{"start":{"line":2,"column":56},"end":{"line":4,"column":1}},"loc":{"start":{"line":2,"column":56},"end":{"line":4,"column":1}},"line":2},"2":{"name":"BusinessException","decl":{"start":{"line":8,"column":4},"end":{"line":11,"column":5}},"loc":{"start":{"line":8,"column":4},"end":{"line":11,"column":5}},"line":8}},"f":{"0":4,"1":4,"2":4}}
,"/home/george/errorhandler/build/src/error/database-exception.js": {"path":"/home/george/errorhandler/build/src/error/database-exception.js","all":false,"statementMap":{"0":{"start":{"line":1,"column":0},"end":{"line":1,"column":13}},"1":{"start":{"line":2,"column":0},"end":{"line":2,"column":72}},"2":{"start":{"line":3,"column":0},"end":{"line":3,"column":62}},"3":{"start":{"line":4,"column":0},"end":{"line":4,"column":2}},"4":{"start":{"line":5,"column":0},"end":{"line":5,"column":62}},"5":{"start":{"line":6,"column":0},"end":{"line":6,"column":60}},"6":{"start":{"line":7,"column":0},"end":{"line":7,"column":53}},"7":{"start":{"line":8,"column":0},"end":{"line":8,"column":33}},"8":{"start":{"line":9,"column":0},"end":{"line":9,"column":42}},"9":{"start":{"line":10,"column":0},"end":{"line":10,"column":5}},"10":{"start":{"line":11,"column":0},"end":{"line":11,"column":1}},"11":{"start":{"line":12,"column":0},"end":{"line":12,"column":36}}},"s":{"0":3,"1":3,"2":3,"3":3,"4":3,"5":3,"6":3,"7":3,"8":0,"9":0,"10":3,"11":3},"branchMap":{"0":{"type":"branch","line":1,"loc":{"start":{"line":1,"column":0},"end":{"line":12,"column":36}},"locations":[{"start":{"line":1,"column":0},"end":{"line":12,"column":36}}]},"1":{"type":"branch","line":1,"loc":{"start":{"line":1,"column":0},"end":{"line":12,"column":36}},"locations":[{"start":{"line":1,"column":0},"end":{"line":12,"column":36}}]},"2":{"type":"branch","line":2,"loc":{"start":{"line":2,"column":56},"end":{"line":4,"column":1}},"locations":[{"start":{"line":2,"column":56},"end":{"line":4,"column":1}}]},"3":{"type":"branch","line":3,"loc":{"start":{"line":3,"column":41},"end":{"line":3,"column":61}},"locations":[{"start":{"line":3,"column":41},"end":{"line":3,"column":61}}]}},"b":{"0":[3],"1":[3],"2":[3],"3":[0]},"fnMap":{"0":{"name":"Object.<anonymous>","decl":{"start":{"line":1,"column":0},"end":{"line":12,"column":36}},"loc":{"start":{"line":1,"column":0},"end":{"line":12,"column":36}},"line":1},"1":{"name":"Object.<anonymous>.__importDefault","decl":{"start":{"line":2,"column":56},"end":{"line":4,"column":1}},"loc":{"start":{"line":2,"column":56},"end":{"line":4,"column":1}},"line":2},"2":{"name":"DatabaseException","decl":{"start":{"line":8,"column":4},"end":{"line":10,"column":5}},"loc":{"start":{"line":8,"column":4},"end":{"line":10,"column":5}},"line":8}},"f":{"0":3,"1":3,"2":0}}
,"/home/george/errorhandler/build/src/error/exception.js": {"path":"/home/george/errorhandler/build/src/error/exception.js","all":false,"statementMap":{"0":{"start":{"line":1,"column":0},"end":{"line":1,"column":13}},"1":{"start":{"line":2,"column":0},"end":{"line":2,"column":97}},"2":{"start":{"line":3,"column":0},"end":{"line":3,"column":33}},"3":{"start":{"line":4,"column":0},"end":{"line":4,"column":53}},"4":{"start":{"line":5,"column":0},"end":{"line":5,"column":88}},"5":{"start":{"line":6,"column":0},"end":{"line":6,"column":68}},"6":{"start":{"line":7,"column":0},"end":{"line":7,"column":5}},"7":{"start":{"line":8,"column":0},"end":{"line":8,"column":39}},"8":{"start":{"line":9,"column":0},"end":{"line":9,"column":29}},"9":{"start":{"line":10,"column":0},"end":{"line":10,"column":33}},"10":{"start":{"line":11,"column":0},"end":{"line":11,"column":17}},"11":{"start":{"line":12,"column":0},"end":{"line":12,"column":4}},"12":{"start":{"line":13,"column":0},"end":{"line":13,"column":96}},"13":{"start":{"line":14,"column":0},"end":{"line":14,"column":72}},"14":{"start":{"line":15,"column":0},"end":{"line":15,"column":21}},"15":{"start":{"line":16,"column":0},"end":{"line":16,"column":21}},"16":{"start":{"line":17,"column":0},"end":{"line":17,"column":3}},"17":{"start":{"line":18,"column":0},"end":{"line":18,"column":66}},"18":{"start":{"line":19,"column":0},"end":{"line":19,"column":42}},"19":{"start":{"line":20,"column":0},"end":{"line":20,"column":20}},"20":{"start":{"line":21,"column":0},"end":{"line":21,"column":141}},"21":{"start":{"line":22,"column":0},"end":{"line":22,"column":36}},"22":{"start":{"line":23,"column":0},"end":{"line":23,"column":18}},"23":{"start":{"line":24,"column":0},"end":{"line":24,"column":2}},"24":{"start":{"line":25,"column":0},"end":{"line":25,"column":62}},"25":{"start":{"line":26,"column":0},"end":{"line":26,"column":47}},"26":{"start":{"line":27,"column":0},"end":{"line":27,"column":31}},"27":{"start":{"line":28,"column":0},"end":{"line":28,"column":39}},"28":{"start":{"line":29,"column":0},"end":{"line":29,"column":23}},"29":{"start":{"line":30,"column":0},"end":{"line":30,"column":25}},"30":{"start":{"line":31,"column":0},"end":{"line":31,"column":38}},"31":{"start":{"line":32,"column":0},"end":{"line":32,"column":54}},"32":{"start":{"line":33,"column":0},"end":{"line":33,"column":5}},"33":{"start":{"line":34,"column":0},"end":{"line":34,"column":1}},"34":{"start":{"line":35,"column":0},"end":{"line":35,"column":28}}},"s":{"0":4,"1":4,"2":256,"3":256,"4":256,"5":252,"6":252,"7":256,"8":4,"9":0,"10":0,"11":4,"12":4,"13":4,"14":4,"15":0,"16":4,"17":4,"18":4,"19":4,"20":4,"21":4,"22":4,"23":4,"24":4,"25":4,"26":4,"27":4,"28":4,"29":4,"30":4,"31":4,"32":4,"33":4,"34":4},"branchMap":{"0":{"type":"branch","line":1,"loc":{"start":{"line":1,"column":0},"end":{"line":35,"column":28}},"locations":[{"start":{"line":1,"column":0},"end":{"line":35,"column":28}}]},"1":{"type":"branch","line":1,"loc":{"start":{"line":1,"column":0},"end":{"line":35,"column":28}},"locations":[{"start":{"line":1,"column":0},"end":{"line":35,"column":28}}]},"2":{"type":"branch","line":9,"loc":{"start":{"line":9,"column":3},"end":{"line":12,"column":2}},"locations":[{"start":{"line":9,"column":3},"end":{"line":12,"column":2}}]},"3":{"type":"branch","line":15,"loc":{"start":{"line":15,"column":3},"end":{"line":17,"column":1}},"locations":[{"start":{"line":15,"column":3},"end":{"line":17,"column":1}}]},"4":{"type":"branch","line":2,"loc":{"start":{"line":2,"column":74},"end":{"line":9,"column":1}},"locations":[{"start":{"line":2,"column":74},"end":{"line":9,"column":1}}]},"5":{"type":"branch","line":5,"loc":{"start":{"line":5,"column":32},"end":{"line":5,"column":47}},"locations":[{"start":{"line":5,"column":32},"end":{"line":5,"column":47}}]},"6":{"type":"branch","line":5,"loc":{"start":{"line":5,"column":48},"end":{"line":5,"column":84}},"locations":[{"start":{"line":5,"column":48},"end":{"line":5,"column":84}}]},"7":{"type":"branch","line":5,"loc":{"start":{"line":5,"column":64},"end":{"line":5,"column":84}},"locations":[{"start":{"line":5,"column":64},"end":{"line":5,"column":84}}]},"8":{"type":"branch","line":5,"loc":{"start":{"line":5,"column":87},"end":{"line":7,"column":5}},"locations":[{"start":{"line":5,"column":87},"end":{"line":7,"column":5}}]},"9":{"type":"branch","line":6,"loc":{"start":{"line":6,"column":38},"end":{"line":6,"column":65}},"locations":[{"start":{"line":6,"column":38},"end":{"line":6,"column":65}}]},"10":{"type":"branch","line":13,"loc":{"start":{"line":13,"column":80},"end":{"line":15,"column":1}},"locations":[{"start":{"line":13,"column":80},"end":{"line":15,"column":1}}]},"11":{"type":"branch","line":18,"loc":{"start":{"line":18,"column":50},"end":{"line":24,"column":1}},"locations":[{"start":{"line":18,"column":50},"end":{"line":24,"column":1}}]},"12":{"type":"branch","line":19,"loc":{"start":{"line":19,"column":31},"end":{"line":19,"column":42}},"locations":[{"start":{"line":19,"column":31},"end":{"line":19,"column":42}}]},"13":{"type":"branch","line":21,"loc":{"start":{"line":21,"column":40},"end":{"line":21,"column":141}},"locations":[{"start":{"line":21,"column":40},"end":{"line":21,"column":141}}]},"14":{"type":"branch","line":28,"loc":{"start":{"line":28,"column":4},"end":{"line":33,"column":5}},"locations":[{"start":{"line":28,"column":4},"end":{"line":33,"column":5}}]}},"b":{"0":[4],"1":[4],"2":[0],"3":[0],"4":[256],"5":[4],"6":[252],"7":[4],"8":[252],"9":[4],"10":[4],"11":[4],"12":[0],"13":[256],"14":[4]},"fnMap":{"0":{"name":"Object.<anonymous>","decl":{"start":{"line":1,"column":0},"end":{"line":35,"column":28}},"loc":{"start":{"line":1,"column":0},"end":{"line":35,"column":28}},"line":1},"1":{"name":"get","decl":{"start":{"line":6,"column":38},"end":{"line":6,"column":65}},"loc":{"start":{"line":6,"column":38},"end":{"line":6,"column":65}},"line":6},"2":{"name":"Object.<anonymous>.__setModuleDefault","decl":{"start":{"line":15,"column":5},"end":{"line":17,"column":1}},"loc":{"start":{"line":15,"column":5},"end":{"line":17,"column":1}},"line":15},"3":{"name":"Object.<anonymous>.__importStar","decl":{"start":{"line":18,"column":50},"end":{"line":24,"column":1}},"loc":{"start":{"line":18,"column":50},"end":{"line":24,"column":1}},"line":18},"4":{"name":"Exception","decl":{"start":{"line":28,"column":4},"end":{"line":33,"column":5}},"loc":{"start":{"line":28,"column":4},"end":{"line":33,"column":5}},"line":28}},"f":{"0":4,"1":4,"2":0,"3":4,"4":4}}
,"/home/george/errorhandler/build/src/error/infrastructure-exception.js": {"path":"/home/george/errorhandler/build/src/error/infrastructure-exception.js","all":false,"statementMap":{"0":{"start":{"line":1,"column":0},"end":{"line":1,"column":13}},"1":{"start":{"line":2,"column":0},"end":{"line":2,"column":72}},"2":{"start":{"line":3,"column":0},"end":{"line":3,"column":62}},"3":{"start":{"line":4,"column":0},"end":{"line":4,"column":2}},"4":{"start":{"line":5,"column":0},"end":{"line":5,"column":62}},"5":{"start":{"line":6,"column":0},"end":{"line":6,"column":60}},"6":{"start":{"line":7,"column":0},"end":{"line":7,"column":59}},"7":{"start":{"line":8,"column":0},"end":{"line":8,"column":33}},"8":{"start":{"line":9,"column":0},"end":{"line":9,"column":48}},"9":{"start":{"line":10,"column":0},"end":{"line":10,"column":5}},"10":{"start":{"line":11,"column":0},"end":{"line":11,"column":1}},"11":{"start":{"line":12,"column":0},"end":{"line":12,"column":42}}},"s":{"0":3,"1":3,"2":3,"3":3,"4":3,"5":3,"6":3,"7":3,"8":0,"9":0,"10":3,"11":3},"branchMap":{"0":{"type":"branch","line":1,"loc":{"start":{"line":1,"column":0},"end":{"line":12,"column":42}},"locations":[{"start":{"line":1,"column":0},"end":{"line":12,"column":42}}]},"1":{"type":"branch","line":1,"loc":{"start":{"line":1,"column":0},"end":{"line":12,"column":42}},"locations":[{"start":{"line":1,"column":0},"end":{"line":12,"column":42}}]},"2":{"type":"branch","line":2,"loc":{"start":{"line":2,"column":56},"end":{"line":4,"column":1}},"locations":[{"start":{"line":2,"column":56},"end":{"line":4,"column":1}}]},"3":{"type":"branch","line":3,"loc":{"start":{"line":3,"column":41},"end":{"line":3,"column":61}},"locations":[{"start":{"line":3,"column":41},"end":{"line":3,"column":61}}]}},"b":{"0":[3],"1":[3],"2":[3],"3":[0]},"fnMap":{"0":{"name":"Object.<anonymous>","decl":{"start":{"line":1,"column":0},"end":{"line":12,"column":42}},"loc":{"start":{"line":1,"column":0},"end":{"line":12,"column":42}},"line":1},"1":{"name":"Object.<anonymous>.__importDefault","decl":{"start":{"line":2,"column":56},"end":{"line":4,"column":1}},"loc":{"start":{"line":2,"column":56},"end":{"line":4,"column":1}},"line":2},"2":{"name":"InfrastructureException","decl":{"start":{"line":8,"column":4},"end":{"line":10,"column":5}},"loc":{"start":{"line":8,"column":4},"end":{"line":10,"column":5}},"line":8}},"f":{"0":3,"1":3,"2":0}}
,"/home/george/errorhandler/build/src/error/user/user-not-found-exception.js": {"path":"/home/george/errorhandler/build/src/error/user/user-not-found-exception.js","all":false,"statementMap":{"0":{"start":{"line":1,"column":0},"end":{"line":1,"column":13}},"1":{"start":{"line":2,"column":0},"end":{"line":2,"column":72}},"2":{"start":{"line":3,"column":0},"end":{"line":3,"column":62}},"3":{"start":{"line":4,"column":0},"end":{"line":4,"column":2}},"4":{"start":{"line":5,"column":0},"end":{"line":5,"column":62}},"5":{"start":{"line":6,"column":0},"end":{"line":6,"column":79}},"6":{"start":{"line":7,"column":0},"end":{"line":7,"column":66}},"7":{"start":{"line":8,"column":0},"end":{"line":8,"column":25}},"8":{"start":{"line":9,"column":0},"end":{"line":9,"column":65}},"9":{"start":{"line":10,"column":0},"end":{"line":10,"column":29}},"10":{"start":{"line":11,"column":0},"end":{"line":11,"column":5}},"11":{"start":{"line":12,"column":0},"end":{"line":12,"column":1}},"12":{"start":{"line":13,"column":0},"end":{"line":13,"column":40}}},"s":{"0":3,"1":3,"2":3,"3":3,"4":3,"5":3,"6":3,"7":3,"8":0,"9":0,"10":0,"11":3,"12":3},"branchMap":{"0":{"type":"branch","line":1,"loc":{"start":{"line":1,"column":0},"end":{"line":13,"column":40}},"locations":[{"start":{"line":1,"column":0},"end":{"line":13,"column":40}}]},"1":{"type":"branch","line":1,"loc":{"start":{"line":1,"column":0},"end":{"line":13,"column":40}},"locations":[{"start":{"line":1,"column":0},"end":{"line":13,"column":40}}]},"2":{"type":"branch","line":2,"loc":{"start":{"line":2,"column":56},"end":{"line":4,"column":1}},"locations":[{"start":{"line":2,"column":56},"end":{"line":4,"column":1}}]},"3":{"type":"branch","line":3,"loc":{"start":{"line":3,"column":41},"end":{"line":3,"column":61}},"locations":[{"start":{"line":3,"column":41},"end":{"line":3,"column":61}}]}},"b":{"0":[3],"1":[3],"2":[3],"3":[0]},"fnMap":{"0":{"name":"Object.<anonymous>","decl":{"start":{"line":1,"column":0},"end":{"line":13,"column":40}},"loc":{"start":{"line":1,"column":0},"end":{"line":13,"column":40}},"line":1},"1":{"name":"Object.<anonymous>.__importDefault","decl":{"start":{"line":2,"column":56},"end":{"line":4,"column":1}},"loc":{"start":{"line":2,"column":56},"end":{"line":4,"column":1}},"line":2},"2":{"name":"UserNotFoundException","decl":{"start":{"line":8,"column":4},"end":{"line":11,"column":5}},"loc":{"start":{"line":8,"column":4},"end":{"line":11,"column":5}},"line":8}},"f":{"0":3,"1":3,"2":0}}
,"/home/george/errorhandler/build/src/lib/result.js": {"path":"/home/george/errorhandler/build/src/lib/result.js","all":false,"statementMap":{"0":{"start":{"line":1,"column":0},"end":{"line":1,"column":13}},"1":{"start":{"line":2,"column":0},"end":{"line":2,"column":72}},"2":{"start":{"line":3,"column":0},"end":{"line":3,"column":62}},"3":{"start":{"line":4,"column":0},"end":{"line":4,"column":2}},"4":{"start":{"line":5,"column":0},"end":{"line":5,"column":62}},"5":{"start":{"line":6,"column":0},"end":{"line":6,"column":67}},"6":{"start":{"line":7,"column":0},"end":{"line":7,"column":14}},"7":{"start":{"line":8,"column":0},"end":{"line":8,"column":25}},"8":{"start":{"line":9,"column":0},"end":{"line":9,"column":29}},"9":{"start":{"line":10,"column":0},"end":{"line":10,"column":5}},"10":{"start":{"line":11,"column":0},"end":{"line":11,"column":24}},"11":{"start":{"line":12,"column":0},"end":{"line":12,"column":58}},"12":{"start":{"line":13,"column":0},"end":{"line":13,"column":5}},"13":{"start":{"line":14,"column":0},"end":{"line":14,"column":22}},"14":{"start":{"line":15,"column":0},"end":{"line":15,"column":61}},"15":{"start":{"line":16,"column":0},"end":{"line":16,"column":5}},"16":{"start":{"line":17,"column":0},"end":{"line":17,"column":1}},"17":{"start":{"line":18,"column":0},"end":{"line":18,"column":25}}},"s":{"0":3,"1":3,"2":3,"3":3,"4":3,"5":3,"6":3,"7":3,"8":4,"9":4,"10":3,"11":1,"12":1,"13":3,"14":2,"15":2,"16":3,"17":3},"branchMap":{"0":{"type":"branch","line":1,"loc":{"start":{"line":1,"column":0},"end":{"line":18,"column":25}},"locations":[{"start":{"line":1,"column":0},"end":{"line":18,"column":25}}]},"1":{"type":"branch","line":1,"loc":{"start":{"line":1,"column":0},"end":{"line":18,"column":25}},"locations":[{"start":{"line":1,"column":0},"end":{"line":18,"column":25}}]},"2":{"type":"branch","line":2,"loc":{"start":{"line":2,"column":56},"end":{"line":4,"column":1}},"locations":[{"start":{"line":2,"column":56},"end":{"line":4,"column":1}}]},"3":{"type":"branch","line":3,"loc":{"start":{"line":3,"column":41},"end":{"line":3,"column":61}},"locations":[{"start":{"line":3,"column":41},"end":{"line":3,"column":61}}]},"4":{"type":"branch","line":8,"loc":{"start":{"line":8,"column":4},"end":{"line":10,"column":5}},"locations":[{"start":{"line":8,"column":4},"end":{"line":10,"column":5}}]},"5":{"type":"branch","line":11,"loc":{"start":{"line":11,"column":4},"end":{"line":13,"column":5}},"locations":[{"start":{"line":11,"column":4},"end":{"line":13,"column":5}}]},"6":{"type":"branch","line":14,"loc":{"start":{"line":14,"column":4},"end":{"line":16,"column":5}},"locations":[{"start":{"line":14,"column":4},"end":{"line":16,"column":5}}]}},"b":{"0":[3],"1":[3],"2":[3],"3":[0],"4":[4],"5":[1],"6":[2]},"fnMap":{"0":{"name":"Object.<anonymous>","decl":{"start":{"line":1,"column":0},"end":{"line":18,"column":25}},"loc":{"start":{"line":1,"column":0},"end":{"line":18,"column":25}},"line":1},"1":{"name":"Object.<anonymous>.__importDefault","decl":{"start":{"line":2,"column":56},"end":{"line":4,"column":1}},"loc":{"start":{"line":2,"column":56},"end":{"line":4,"column":1}},"line":2},"2":{"name":"Result","decl":{"start":{"line":8,"column":4},"end":{"line":10,"column":5}},"loc":{"start":{"line":8,"column":4},"end":{"line":10,"column":5}},"line":8},"3":{"name":"isException","decl":{"start":{"line":11,"column":4},"end":{"line":13,"column":5}},"loc":{"start":{"line":11,"column":4},"end":{"line":13,"column":5}},"line":11},"4":{"name":"isSuccess","decl":{"start":{"line":14,"column":4},"end":{"line":16,"column":5}},"loc":{"start":{"line":14,"column":4},"end":{"line":16,"column":5}},"line":14}},"f":{"0":3,"1":3,"2":4,"3":1,"4":2}}
,"/home/george/errorhandler/build/src/repository/postgres/person-postgres-repository.js": {"path":"/home/george/errorhandler/build/src/repository/postgres/person-postgres-repository.js","all":false,"statementMap":{"0":{"start":{"line":1,"column":0},"end":{"line":1,"column":13}},"1":{"start":{"line":2,"column":0},"end":{"line":2,"column":90}},"2":{"start":{"line":3,"column":0},"end":{"line":3,"column":112}},"3":{"start":{"line":4,"column":0},"end":{"line":4,"column":64}},"4":{"start":{"line":5,"column":0},"end":{"line":5,"column":99}},"5":{"start":{"line":6,"column":0},"end":{"line":6,"column":102}},"6":{"start":{"line":7,"column":0},"end":{"line":7,"column":118}},"7":{"start":{"line":8,"column":0},"end":{"line":8,"column":78}},"8":{"start":{"line":9,"column":0},"end":{"line":9,"column":7}},"9":{"start":{"line":10,"column":0},"end":{"line":10,"column":2}},"10":{"start":{"line":11,"column":0},"end":{"line":11,"column":72}},"11":{"start":{"line":12,"column":0},"end":{"line":12,"column":62}},"12":{"start":{"line":13,"column":0},"end":{"line":13,"column":2}},"13":{"start":{"line":14,"column":0},"end":{"line":14,"column":62}},"14":{"start":{"line":15,"column":0},"end":{"line":15,"column":27}},"15":{"start":{"line":16,"column":0},"end":{"line":16,"column":62}},"16":{"start":{"line":17,"column":0},"end":{"line":17,"column":65}},"17":{"start":{"line":18,"column":0},"end":{"line":18,"column":88}},"18":{"start":{"line":19,"column":0},"end":{"line":19,"column":100}},"19":{"start":{"line":20,"column":0},"end":{"line":20,"column":105}},"20":{"start":{"line":21,"column":0},"end":{"line":21,"column":32}},"21":{"start":{"line":22,"column":0},"end":{"line":22,"column":21}},"22":{"start":{"line":23,"column":0},"end":{"line":23,"column":18}},"23":{"start":{"line":24,"column":0},"end":{"line":24,"column":61}},"24":{"start":{"line":25,"column":0},"end":{"line":25,"column":174}},"25":{"start":{"line":26,"column":0},"end":{"line":26,"column":97}},"26":{"start":{"line":27,"column":0},"end":{"line":27,"column":11}},"27":{"start":{"line":28,"column":0},"end":{"line":28,"column":5}},"28":{"start":{"line":29,"column":0},"end":{"line":29,"column":14}},"29":{"start":{"line":30,"column":0},"end":{"line":30,"column":61}},"30":{"start":{"line":31,"column":0},"end":{"line":31,"column":106}},"31":{"start":{"line":32,"column":0},"end":{"line":32,"column":88}},"32":{"start":{"line":33,"column":0},"end":{"line":33,"column":11}},"33":{"start":{"line":34,"column":0},"end":{"line":34,"column":5}},"34":{"start":{"line":35,"column":0},"end":{"line":35,"column":17}},"35":{"start":{"line":36,"column":0},"end":{"line":36,"column":61}},"36":{"start":{"line":37,"column":0},"end":{"line":37,"column":17}},"37":{"start":{"line":38,"column":0},"end":{"line":38,"column":130}},"38":{"start":{"line":39,"column":0},"end":{"line":39,"column":39}},"39":{"start":{"line":40,"column":0},"end":{"line":40,"column":92}},"40":{"start":{"line":41,"column":0},"end":{"line":41,"column":17}},"41":{"start":{"line":42,"column":0},"end":{"line":42,"column":123}},"42":{"start":{"line":43,"column":0},"end":{"line":43,"column":13}},"43":{"start":{"line":44,"column":0},"end":{"line":44,"column":27}},"44":{"start":{"line":45,"column":0},"end":{"line":45,"column":111}},"45":{"start":{"line":46,"column":0},"end":{"line":46,"column":40}},"46":{"start":{"line":47,"column":0},"end":{"line":47,"column":27}},"47":{"start":{"line":48,"column":0},"end":{"line":48,"column":13}},"48":{"start":{"line":49,"column":0},"end":{"line":49,"column":11}},"49":{"start":{"line":50,"column":0},"end":{"line":50,"column":5}},"50":{"start":{"line":51,"column":0},"end":{"line":51,"column":18}},"51":{"start":{"line":52,"column":0},"end":{"line":52,"column":13}},"52":{"start":{"line":53,"column":0},"end":{"line":53,"column":37}},"53":{"start":{"line":54,"column":0},"end":{"line":54,"column":9}},"54":{"start":{"line":55,"column":0},"end":{"line":55,"column":23}},"55":{"start":{"line":56,"column":0},"end":{"line":56,"column":79}},"56":{"start":{"line":57,"column":0},"end":{"line":57,"column":9}},"57":{"start":{"line":58,"column":0},"end":{"line":58,"column":5}},"58":{"start":{"line":59,"column":0},"end":{"line":59,"column":34}},"59":{"start":{"line":60,"column":0},"end":{"line":60,"column":61}},"60":{"start":{"line":61,"column":0},"end":{"line":61,"column":45}},"61":{"start":{"line":62,"column":0},"end":{"line":62,"column":17}},"62":{"start":{"line":63,"column":0},"end":{"line":63,"column":39}},"63":{"start":{"line":64,"column":0},"end":{"line":64,"column":13}},"64":{"start":{"line":65,"column":0},"end":{"line":65,"column":27}},"65":{"start":{"line":66,"column":0},"end":{"line":66,"column":83}},"66":{"start":{"line":67,"column":0},"end":{"line":67,"column":13}},"67":{"start":{"line":68,"column":0},"end":{"line":68,"column":23}},"68":{"start":{"line":69,"column":0},"end":{"line":69,"column":17}},"69":{"start":{"line":70,"column":0},"end":{"line":70,"column":59}},"70":{"start":{"line":71,"column":0},"end":{"line":71,"column":13}},"71":{"start":{"line":72,"column":0},"end":{"line":72,"column":27}},"72":{"start":{"line":73,"column":0},"end":{"line":73,"column":77}},"73":{"start":{"line":74,"column":0},"end":{"line":74,"column":13}},"74":{"start":{"line":75,"column":0},"end":{"line":75,"column":31}},"75":{"start":{"line":76,"column":0},"end":{"line":76,"column":26}},"76":{"start":{"line":77,"column":0},"end":{"line":77,"column":11}},"77":{"start":{"line":78,"column":0},"end":{"line":78,"column":5}},"78":{"start":{"line":79,"column":0},"end":{"line":79,"column":1}},"79":{"start":{"line":80,"column":0},"end":{"line":80,"column":43}}},"s":{"0":3,"1":3,"2":18,"3":18,"4":18,"5":18,"6":18,"7":18,"8":18,"9":3,"10":3,"11":15,"12":3,"13":3,"14":3,"15":3,"16":3,"17":3,"18":3,"19":3,"20":3,"21":3,"22":3,"23":3,"24":3,"25":3,"26":3,"27":3,"28":3,"29":4,"30":4,"31":4,"32":4,"33":4,"34":3,"35":2,"36":2,"37":2,"38":2,"39":0,"40":0,"41":2,"42":2,"43":2,"44":0,"45":0,"46":0,"47":0,"48":2,"49":2,"50":3,"51":9,"52":9,"53":9,"54":9,"55":0,"56":0,"57":9,"58":3,"59":9,"60":9,"61":9,"62":9,"63":9,"64":9,"65":0,"66":0,"67":9,"68":9,"69":9,"70":9,"71":9,"72":0,"73":0,"74":9,"75":9,"76":9,"77":9,"78":3,"79":3},"branchMap":{"0":{"type":"branch","line":1,"loc":{"start":{"line":1,"column":0},"end":{"line":80,"column":43}},"locations":[{"start":{"line":1,"column":0},"end":{"line":80,"column":43}}]},"1":{"type":"branch","line":1,"loc":{"start":{"line":1,"column":0},"end":{"line":80,"column":43}},"locations":[{"start":{"line":1,"column":0},"end":{"line":80,"column":43}}]},"2":{"type":"branch","line":2,"loc":{"start":{"line":2,"column":44},"end":{"line":10,"column":1}},"locations":[{"start":{"line":2,"column":44},"end":{"line":10,"column":1}}]},"3":{"type":"branch","line":3,"loc":{"start":{"line":3,"column":4},"end":{"line":3,"column":112}},"locations":[{"start":{"line":3,"column":4},"end":{"line":3,"column":112}}]},"4":{"type":"branch","line":3,"loc":{"start":{"line":3,"column":62},"end":{"line":3,"column":109}},"locations":[{"start":{"line":3,"column":62},"end":{"line":3,"column":109}}]},"5":{"type":"branch","line":4,"loc":{"start":{"line":4,"column":36},"end":{"line":9,"column":5}},"locations":[{"start":{"line":4,"column":36},"end":{"line":9,"column":5}}]},"6":{"type":"branch","line":5,"loc":{"start":{"line":5,"column":8},"end":{"line":5,"column":99}},"locations":[{"start":{"line":5,"column":8},"end":{"line":5,"column":99}}]},"7":{"type":"branch","line":5,"loc":{"start":{"line":5,"column":73},"end":{"line":5,"column":97}},"locations":[{"start":{"line":5,"column":73},"end":{"line":5,"column":97}}]},"8":{"type":"branch","line":7,"loc":{"start":{"line":7,"column":8},"end":{"line":7,"column":118}},"locations":[{"start":{"line":7,"column":8},"end":{"line":7,"column":118}}]},"9":{"type":"branch","line":7,"loc":{"start":{"line":7,"column":44},"end":{"line":7,"column":67}},"locations":[{"start":{"line":7,"column":44},"end":{"line":7,"column":67}}]},"10":{"type":"branch","line":7,"loc":{"start":{"line":7,"column":68},"end":{"line":7,"column":115}},"locations":[{"start":{"line":7,"column":68},"end":{"line":7,"column":115}}]},"11":{"type":"branch","line":11,"loc":{"start":{"line":11,"column":56},"end":{"line":13,"column":1}},"locations":[{"start":{"line":11,"column":56},"end":{"line":13,"column":1}}]},"12":{"type":"branch","line":12,"loc":{"start":{"line":12,"column":41},"end":{"line":12,"column":61}},"locations":[{"start":{"line":12,"column":41},"end":{"line":12,"column":61}}]},"13":{"type":"branch","line":22,"loc":{"start":{"line":22,"column":4},"end":{"line":22,"column":21}},"locations":[{"start":{"line":22,"column":4},"end":{"line":22,"column":21}}]},"14":{"type":"branch","line":23,"loc":{"start":{"line":23,"column":4},"end":{"line":28,"column":5}},"locations":[{"start":{"line":23,"column":4},"end":{"line":28,"column":5}}]},"15":{"type":"branch","line":24,"loc":{"start":{"line":24,"column":47},"end":{"line":27,"column":9}},"locations":[{"start":{"line":24,"column":47},"end":{"line":27,"column":9}}]},"16":{"type":"branch","line":29,"loc":{"start":{"line":29,"column":4},"end":{"line":34,"column":5}},"locations":[{"start":{"line":29,"column":4},"end":{"line":34,"column":5}}]},"17":{"type":"branch","line":30,"loc":{"start":{"line":30,"column":47},"end":{"line":33,"column":9}},"locations":[{"start":{"line":30,"column":47},"end":{"line":33,"column":9}}]},"18":{"type":"branch","line":32,"loc":{"start":{"line":32,"column":32},"end":{"line":32,"column":86}},"locations":[{"start":{"line":32,"column":32},"end":{"line":32,"column":86}}]},"19":{"type":"branch","line":35,"loc":{"start":{"line":35,"column":4},"end":{"line":50,"column":5}},"locations":[{"start":{"line":35,"column":4},"end":{"line":50,"column":5}}]},"20":{"type":"branch","line":36,"loc":{"start":{"line":36,"column":47},"end":{"line":49,"column":9}},"locations":[{"start":{"line":36,"column":47},"end":{"line":49,"column":9}}]},"21":{"type":"branch","line":39,"loc":{"start":{"line":39,"column":38},"end":{"line":41,"column":17}},"locations":[{"start":{"line":39,"column":38},"end":{"line":41,"column":17}}]},"22":{"type":"branch","line":44,"loc":{"start":{"line":44,"column":12},"end":{"line":48,"column":13}},"locations":[{"start":{"line":44,"column":12},"end":{"line":48,"column":13}}]},"23":{"type":"branch","line":51,"loc":{"start":{"line":51,"column":4},"end":{"line":58,"column":5}},"locations":[{"start":{"line":51,"column":4},"end":{"line":58,"column":5}}]},"24":{"type":"branch","line":55,"loc":{"start":{"line":55,"column":8},"end":{"line":57,"column":9}},"locations":[{"start":{"line":55,"column":8},"end":{"line":57,"column":9}}]},"25":{"type":"branch","line":59,"loc":{"start":{"line":59,"column":4},"end":{"line":78,"column":5}},"locations":[{"start":{"line":59,"column":4},"end":{"line":78,"column":5}}]},"26":{"type":"branch","line":60,"loc":{"start":{"line":60,"column":47},"end":{"line":77,"column":9}},"locations":[{"start":{"line":60,"column":47},"end":{"line":77,"column":9}}]},"27":{"type":"branch","line":65,"loc":{"start":{"line":65,"column":12},"end":{"line":67,"column":13}},"locations":[{"start":{"line":65,"column":12},"end":{"line":67,"column":13}}]},"28":{"type":"branch","line":72,"loc":{"start":{"line":72,"column":12},"end":{"line":74,"column":13}},"locations":[{"start":{"line":72,"column":12},"end":{"line":74,"column":13}}]}},"b":{"0":[3],"1":[3],"2":[18],"3":[36],"4":[0],"5":[18],"6":[36],"7":[0],"8":[54],"9":[18],"10":[36],"11":[15],"12":[0],"13":[9],"14":[3],"15":[3],"16":[4],"17":[4],"18":[188],"19":[2],"20":[2],"21":[0],"22":[0],"23":[9],"24":[0],"25":[9],"26":[9],"27":[0],"28":[0]},"fnMap":{"0":{"name":"Object.<anonymous>","decl":{"start":{"line":1,"column":0},"end":{"line":80,"column":43}},"loc":{"start":{"line":1,"column":0},"end":{"line":80,"column":43}},"line":1},"1":{"name":"Object.<anonymous>.__awaiter","decl":{"start":{"line":2,"column":44},"end":{"line":10,"column":1}},"loc":{"start":{"line":2,"column":44},"end":{"line":10,"column":1}},"line":2},"2":{"name":"adopt","decl":{"start":{"line":3,"column":4},"end":{"line":3,"column":112}},"loc":{"start":{"line":3,"column":4},"end":{"line":3,"column":112}},"line":3},"3":{"name":"fulfilled","decl":{"start":{"line":5,"column":8},"end":{"line":5,"column":99}},"loc":{"start":{"line":5,"column":8},"end":{"line":5,"column":99}},"line":5},"4":{"name":"rejected","decl":{"start":{"line":6,"column":8},"end":{"line":6,"column":102}},"loc":{"start":{"line":6,"column":8},"end":{"line":6,"column":102}},"line":6},"5":{"name":"step","decl":{"start":{"line":7,"column":8},"end":{"line":7,"column":118}},"loc":{"start":{"line":7,"column":8},"end":{"line":7,"column":118}},"line":7},"6":{"name":"Object.<anonymous>.__importDefault","decl":{"start":{"line":11,"column":56},"end":{"line":13,"column":1}},"loc":{"start":{"line":11,"column":56},"end":{"line":13,"column":1}},"line":11},"7":{"name":"PersonRepositoryPostgres","decl":{"start":{"line":22,"column":4},"end":{"line":22,"column":21}},"loc":{"start":{"line":22,"column":4},"end":{"line":22,"column":21}},"line":22},"8":{"name":"save","decl":{"start":{"line":23,"column":4},"end":{"line":28,"column":5}},"loc":{"start":{"line":23,"column":4},"end":{"line":28,"column":5}},"line":23},"9":{"name":"getAll","decl":{"start":{"line":29,"column":4},"end":{"line":34,"column":5}},"loc":{"start":{"line":29,"column":4},"end":{"line":34,"column":5}},"line":29},"10":{"name":"getById","decl":{"start":{"line":35,"column":4},"end":{"line":50,"column":5}},"loc":{"start":{"line":35,"column":4},"end":{"line":50,"column":5}},"line":35},"11":{"name":"getCliente","decl":{"start":{"line":51,"column":4},"end":{"line":58,"column":5}},"loc":{"start":{"line":51,"column":4},"end":{"line":58,"column":5}},"line":51},"12":{"name":"queryExecutor","decl":{"start":{"line":59,"column":4},"end":{"line":78,"column":5}},"loc":{"start":{"line":59,"column":4},"end":{"line":78,"column":5}},"line":59}},"f":{"0":3,"1":18,"2":36,"3":36,"4":0,"5":54,"6":15,"7":9,"8":3,"9":4,"10":2,"11":9,"12":9}}
,"/home/george/errorhandler/build/src/use-case/add-person.js": {"path":"/home/george/errorhandler/build/src/use-case/add-person.js","all":false,"statementMap":{"0":{"start":{"line":1,"column":0},"end":{"line":1,"column":13}},"1":{"start":{"line":2,"column":0},"end":{"line":2,"column":90}},"2":{"start":{"line":3,"column":0},"end":{"line":3,"column":112}},"3":{"start":{"line":4,"column":0},"end":{"line":4,"column":64}},"4":{"start":{"line":5,"column":0},"end":{"line":5,"column":99}},"5":{"start":{"line":6,"column":0},"end":{"line":6,"column":102}},"6":{"start":{"line":7,"column":0},"end":{"line":7,"column":118}},"7":{"start":{"line":8,"column":0},"end":{"line":8,"column":78}},"8":{"start":{"line":9,"column":0},"end":{"line":9,"column":7}},"9":{"start":{"line":10,"column":0},"end":{"line":10,"column":2}},"10":{"start":{"line":11,"column":0},"end":{"line":11,"column":62}},"11":{"start":{"line":12,"column":0},"end":{"line":12,"column":24}},"12":{"start":{"line":13,"column":0},"end":{"line":13,"column":29}},"13":{"start":{"line":14,"column":0},"end":{"line":14,"column":37}},"14":{"start":{"line":15,"column":0},"end":{"line":15,"column":5}},"15":{"start":{"line":16,"column":0},"end":{"line":16,"column":21}},"16":{"start":{"line":17,"column":0},"end":{"line":17,"column":61}},"17":{"start":{"line":18,"column":0},"end":{"line":18,"column":54}},"18":{"start":{"line":19,"column":0},"end":{"line":19,"column":11}},"19":{"start":{"line":20,"column":0},"end":{"line":20,"column":5}},"20":{"start":{"line":21,"column":0},"end":{"line":21,"column":1}},"21":{"start":{"line":22,"column":0},"end":{"line":22,"column":35}}},"s":{"0":2,"1":2,"2":2,"3":2,"4":2,"5":2,"6":2,"7":2,"8":2,"9":2,"10":2,"11":2,"12":2,"13":5,"14":5,"15":2,"16":2,"17":2,"18":2,"19":2,"20":2,"21":2},"branchMap":{"0":{"type":"branch","line":1,"loc":{"start":{"line":1,"column":0},"end":{"line":22,"column":35}},"locations":[{"start":{"line":1,"column":0},"end":{"line":22,"column":35}}]},"1":{"type":"branch","line":1,"loc":{"start":{"line":1,"column":0},"end":{"line":22,"column":35}},"locations":[{"start":{"line":1,"column":0},"end":{"line":22,"column":35}}]},"2":{"type":"branch","line":2,"loc":{"start":{"line":2,"column":44},"end":{"line":10,"column":1}},"locations":[{"start":{"line":2,"column":44},"end":{"line":10,"column":1}}]},"3":{"type":"branch","line":3,"loc":{"start":{"line":3,"column":4},"end":{"line":3,"column":112}},"locations":[{"start":{"line":3,"column":4},"end":{"line":3,"column":112}}]},"4":{"type":"branch","line":3,"loc":{"start":{"line":3,"column":62},"end":{"line":3,"column":109}},"locations":[{"start":{"line":3,"column":62},"end":{"line":3,"column":109}}]},"5":{"type":"branch","line":4,"loc":{"start":{"line":4,"column":36},"end":{"line":9,"column":5}},"locations":[{"start":{"line":4,"column":36},"end":{"line":9,"column":5}}]},"6":{"type":"branch","line":5,"loc":{"start":{"line":5,"column":8},"end":{"line":5,"column":99}},"locations":[{"start":{"line":5,"column":8},"end":{"line":5,"column":99}}]},"7":{"type":"branch","line":5,"loc":{"start":{"line":5,"column":73},"end":{"line":5,"column":97}},"locations":[{"start":{"line":5,"column":73},"end":{"line":5,"column":97}}]},"8":{"type":"branch","line":7,"loc":{"start":{"line":7,"column":8},"end":{"line":7,"column":118}},"locations":[{"start":{"line":7,"column":8},"end":{"line":7,"column":118}}]},"9":{"type":"branch","line":7,"loc":{"start":{"line":7,"column":44},"end":{"line":7,"column":67}},"locations":[{"start":{"line":7,"column":44},"end":{"line":7,"column":67}}]},"10":{"type":"branch","line":7,"loc":{"start":{"line":7,"column":68},"end":{"line":7,"column":115}},"locations":[{"start":{"line":7,"column":68},"end":{"line":7,"column":115}}]},"11":{"type":"branch","line":13,"loc":{"start":{"line":13,"column":4},"end":{"line":15,"column":5}},"locations":[{"start":{"line":13,"column":4},"end":{"line":15,"column":5}}]},"12":{"type":"branch","line":16,"loc":{"start":{"line":16,"column":4},"end":{"line":20,"column":5}},"locations":[{"start":{"line":16,"column":4},"end":{"line":20,"column":5}}]},"13":{"type":"branch","line":17,"loc":{"start":{"line":17,"column":47},"end":{"line":19,"column":9}},"locations":[{"start":{"line":17,"column":47},"end":{"line":19,"column":9}}]}},"b":{"0":[2],"1":[2],"2":[2],"3":[2],"4":[0],"5":[2],"6":[2],"7":[0],"8":[4],"9":[2],"10":[2],"11":[5],"12":[2],"13":[2]},"fnMap":{"0":{"name":"Object.<anonymous>","decl":{"start":{"line":1,"column":0},"end":{"line":22,"column":35}},"loc":{"start":{"line":1,"column":0},"end":{"line":22,"column":35}},"line":1},"1":{"name":"Object.<anonymous>.__awaiter","decl":{"start":{"line":2,"column":44},"end":{"line":10,"column":1}},"loc":{"start":{"line":2,"column":44},"end":{"line":10,"column":1}},"line":2},"2":{"name":"adopt","decl":{"start":{"line":3,"column":4},"end":{"line":3,"column":112}},"loc":{"start":{"line":3,"column":4},"end":{"line":3,"column":112}},"line":3},"3":{"name":"fulfilled","decl":{"start":{"line":5,"column":8},"end":{"line":5,"column":99}},"loc":{"start":{"line":5,"column":8},"end":{"line":5,"column":99}},"line":5},"4":{"name":"rejected","decl":{"start":{"line":6,"column":8},"end":{"line":6,"column":102}},"loc":{"start":{"line":6,"column":8},"end":{"line":6,"column":102}},"line":6},"5":{"name":"step","decl":{"start":{"line":7,"column":8},"end":{"line":7,"column":118}},"loc":{"start":{"line":7,"column":8},"end":{"line":7,"column":118}},"line":7},"6":{"name":"AddPersonUseCase","decl":{"start":{"line":13,"column":4},"end":{"line":15,"column":5}},"loc":{"start":{"line":13,"column":4},"end":{"line":15,"column":5}},"line":13},"7":{"name":"execute","decl":{"start":{"line":16,"column":4},"end":{"line":20,"column":5}},"loc":{"start":{"line":16,"column":4},"end":{"line":20,"column":5}},"line":16}},"f":{"0":2,"1":2,"2":2,"3":2,"4":0,"5":4,"6":5,"7":2}}
,"/home/george/errorhandler/build/src/use-case/fetch-all-people.js": {"path":"/home/george/errorhandler/build/src/use-case/fetch-all-people.js","all":false,"statementMap":{"0":{"start":{"line":1,"column":0},"end":{"line":1,"column":13}},"1":{"start":{"line":2,"column":0},"end":{"line":2,"column":90}},"2":{"start":{"line":3,"column":0},"end":{"line":3,"column":112}},"3":{"start":{"line":4,"column":0},"end":{"line":4,"column":64}},"4":{"start":{"line":5,"column":0},"end":{"line":5,"column":99}},"5":{"start":{"line":6,"column":0},"end":{"line":6,"column":102}},"6":{"start":{"line":7,"column":0},"end":{"line":7,"column":118}},"7":{"start":{"line":8,"column":0},"end":{"line":8,"column":78}},"8":{"start":{"line":9,"column":0},"end":{"line":9,"column":7}},"9":{"start":{"line":10,"column":0},"end":{"line":10,"column":2}},"10":{"start":{"line":11,"column":0},"end":{"line":11,"column":62}},"11":{"start":{"line":12,"column":0},"end":{"line":12,"column":22}},"12":{"start":{"line":13,"column":0},"end":{"line":13,"column":29}},"13":{"start":{"line":14,"column":0},"end":{"line":14,"column":37}},"14":{"start":{"line":15,"column":0},"end":{"line":15,"column":5}},"15":{"start":{"line":16,"column":0},"end":{"line":16,"column":15}},"16":{"start":{"line":17,"column":0},"end":{"line":17,"column":61}},"17":{"start":{"line":18,"column":0},"end":{"line":18,"column":50}},"18":{"start":{"line":19,"column":0},"end":{"line":19,"column":11}},"19":{"start":{"line":20,"column":0},"end":{"line":20,"column":5}},"20":{"start":{"line":21,"column":0},"end":{"line":21,"column":1}},"21":{"start":{"line":22,"column":0},"end":{"line":22,"column":33}}},"s":{"0":1,"1":1,"2":2,"3":2,"4":2,"5":2,"6":2,"7":2,"8":2,"9":1,"10":1,"11":1,"12":1,"13":4,"14":4,"15":1,"16":2,"17":2,"18":2,"19":2,"20":1,"21":1},"branchMap":{"0":{"type":"branch","line":1,"loc":{"start":{"line":1,"column":0},"end":{"line":22,"column":33}},"locations":[{"start":{"line":1,"column":0},"end":{"line":22,"column":33}}]},"1":{"type":"branch","line":1,"loc":{"start":{"line":1,"column":0},"end":{"line":22,"column":33}},"locations":[{"start":{"line":1,"column":0},"end":{"line":22,"column":33}}]},"2":{"type":"branch","line":2,"loc":{"start":{"line":2,"column":44},"end":{"line":10,"column":1}},"locations":[{"start":{"line":2,"column":44},"end":{"line":10,"column":1}}]},"3":{"type":"branch","line":3,"loc":{"start":{"line":3,"column":4},"end":{"line":3,"column":112}},"locations":[{"start":{"line":3,"column":4},"end":{"line":3,"column":112}}]},"4":{"type":"branch","line":3,"loc":{"start":{"line":3,"column":62},"end":{"line":3,"column":109}},"locations":[{"start":{"line":3,"column":62},"end":{"line":3,"column":109}}]},"5":{"type":"branch","line":4,"loc":{"start":{"line":4,"column":36},"end":{"line":9,"column":5}},"locations":[{"start":{"line":4,"column":36},"end":{"line":9,"column":5}}]},"6":{"type":"branch","line":5,"loc":{"start":{"line":5,"column":8},"end":{"line":5,"column":99}},"locations":[{"start":{"line":5,"column":8},"end":{"line":5,"column":99}}]},"7":{"type":"branch","line":5,"loc":{"start":{"line":5,"column":73},"end":{"line":5,"column":97}},"locations":[{"start":{"line":5,"column":73},"end":{"line":5,"column":97}}]},"8":{"type":"branch","line":7,"loc":{"start":{"line":7,"column":8},"end":{"line":7,"column":118}},"locations":[{"start":{"line":7,"column":8},"end":{"line":7,"column":118}}]},"9":{"type":"branch","line":7,"loc":{"start":{"line":7,"column":44},"end":{"line":7,"column":67}},"locations":[{"start":{"line":7,"column":44},"end":{"line":7,"column":67}}]},"10":{"type":"branch","line":7,"loc":{"start":{"line":7,"column":68},"end":{"line":7,"column":115}},"locations":[{"start":{"line":7,"column":68},"end":{"line":7,"column":115}}]},"11":{"type":"branch","line":13,"loc":{"start":{"line":13,"column":4},"end":{"line":15,"column":5}},"locations":[{"start":{"line":13,"column":4},"end":{"line":15,"column":5}}]},"12":{"type":"branch","line":16,"loc":{"start":{"line":16,"column":4},"end":{"line":20,"column":5}},"locations":[{"start":{"line":16,"column":4},"end":{"line":20,"column":5}}]},"13":{"type":"branch","line":17,"loc":{"start":{"line":17,"column":47},"end":{"line":19,"column":9}},"locations":[{"start":{"line":17,"column":47},"end":{"line":19,"column":9}}]}},"b":{"0":[1],"1":[1],"2":[2],"3":[2],"4":[0],"5":[2],"6":[2],"7":[0],"8":[4],"9":[2],"10":[2],"11":[4],"12":[2],"13":[2]},"fnMap":{"0":{"name":"Object.<anonymous>","decl":{"start":{"line":1,"column":0},"end":{"line":22,"column":33}},"loc":{"start":{"line":1,"column":0},"end":{"line":22,"column":33}},"line":1},"1":{"name":"Object.<anonymous>.__awaiter","decl":{"start":{"line":2,"column":44},"end":{"line":10,"column":1}},"loc":{"start":{"line":2,"column":44},"end":{"line":10,"column":1}},"line":2},"2":{"name":"adopt","decl":{"start":{"line":3,"column":4},"end":{"line":3,"column":112}},"loc":{"start":{"line":3,"column":4},"end":{"line":3,"column":112}},"line":3},"3":{"name":"fulfilled","decl":{"start":{"line":5,"column":8},"end":{"line":5,"column":99}},"loc":{"start":{"line":5,"column":8},"end":{"line":5,"column":99}},"line":5},"4":{"name":"rejected","decl":{"start":{"line":6,"column":8},"end":{"line":6,"column":102}},"loc":{"start":{"line":6,"column":8},"end":{"line":6,"column":102}},"line":6},"5":{"name":"step","decl":{"start":{"line":7,"column":8},"end":{"line":7,"column":118}},"loc":{"start":{"line":7,"column":8},"end":{"line":7,"column":118}},"line":7},"6":{"name":"FetchAllPeople","decl":{"start":{"line":13,"column":4},"end":{"line":15,"column":5}},"loc":{"start":{"line":13,"column":4},"end":{"line":15,"column":5}},"line":13},"7":{"name":"execute","decl":{"start":{"line":16,"column":4},"end":{"line":20,"column":5}},"loc":{"start":{"line":16,"column":4},"end":{"line":20,"column":5}},"line":16}},"f":{"0":1,"1":2,"2":2,"3":2,"4":0,"5":4,"6":4,"7":2}}
,"/home/george/errorhandler/build/src/use-case/fetch-person-by-id.js": {"path":"/home/george/errorhandler/build/src/use-case/fetch-person-by-id.js","all":false,"statementMap":{"0":{"start":{"line":1,"column":0},"end":{"line":1,"column":13}},"1":{"start":{"line":2,"column":0},"end":{"line":2,"column":90}},"2":{"start":{"line":3,"column":0},"end":{"line":3,"column":112}},"3":{"start":{"line":4,"column":0},"end":{"line":4,"column":64}},"4":{"start":{"line":5,"column":0},"end":{"line":5,"column":99}},"5":{"start":{"line":6,"column":0},"end":{"line":6,"column":102}},"6":{"start":{"line":7,"column":0},"end":{"line":7,"column":118}},"7":{"start":{"line":8,"column":0},"end":{"line":8,"column":78}},"8":{"start":{"line":9,"column":0},"end":{"line":9,"column":7}},"9":{"start":{"line":10,"column":0},"end":{"line":10,"column":2}},"10":{"start":{"line":11,"column":0},"end":{"line":11,"column":62}},"11":{"start":{"line":12,"column":0},"end":{"line":12,"column":23}},"12":{"start":{"line":13,"column":0},"end":{"line":13,"column":29}},"13":{"start":{"line":14,"column":0},"end":{"line":14,"column":37}},"14":{"start":{"line":15,"column":0},"end":{"line":15,"column":5}},"15":{"start":{"line":16,"column":0},"end":{"line":16,"column":17}},"16":{"start":{"line":17,"column":0},"end":{"line":17,"column":61}},"17":{"start":{"line":18,"column":0},"end":{"line":18,"column":53}},"18":{"start":{"line":19,"column":0},"end":{"line":19,"column":11}},"19":{"start":{"line":20,"column":0},"end":{"line":20,"column":5}},"20":{"start":{"line":21,"column":0},"end":{"line":21,"column":1}},"21":{"start":{"line":22,"column":0},"end":{"line":22,"column":34}}},"s":{"0":1,"1":1,"2":1,"3":1,"4":1,"5":1,"6":1,"7":1,"8":1,"9":1,"10":1,"11":1,"12":1,"13":4,"14":4,"15":1,"16":1,"17":1,"18":1,"19":1,"20":1,"21":1},"branchMap":{"0":{"type":"branch","line":1,"loc":{"start":{"line":1,"column":0},"end":{"line":22,"column":34}},"locations":[{"start":{"line":1,"column":0},"end":{"line":22,"column":34}}]},"1":{"type":"branch","line":1,"loc":{"start":{"line":1,"column":0},"end":{"line":22,"column":34}},"locations":[{"start":{"line":1,"column":0},"end":{"line":22,"column":34}}]},"2":{"type":"branch","line":2,"loc":{"start":{"line":2,"column":44},"end":{"line":10,"column":1}},"locations":[{"start":{"line":2,"column":44},"end":{"line":10,"column":1}}]},"3":{"type":"branch","line":3,"loc":{"start":{"line":3,"column":4},"end":{"line":3,"column":112}},"locations":[{"start":{"line":3,"column":4},"end":{"line":3,"column":112}}]},"4":{"type":"branch","line":3,"loc":{"start":{"line":3,"column":62},"end":{"line":3,"column":109}},"locations":[{"start":{"line":3,"column":62},"end":{"line":3,"column":109}}]},"5":{"type":"branch","line":4,"loc":{"start":{"line":4,"column":36},"end":{"line":9,"column":5}},"locations":[{"start":{"line":4,"column":36},"end":{"line":9,"column":5}}]},"6":{"type":"branch","line":5,"loc":{"start":{"line":5,"column":8},"end":{"line":5,"column":99}},"locations":[{"start":{"line":5,"column":8},"end":{"line":5,"column":99}}]},"7":{"type":"branch","line":5,"loc":{"start":{"line":5,"column":73},"end":{"line":5,"column":97}},"locations":[{"start":{"line":5,"column":73},"end":{"line":5,"column":97}}]},"8":{"type":"branch","line":7,"loc":{"start":{"line":7,"column":8},"end":{"line":7,"column":118}},"locations":[{"start":{"line":7,"column":8},"end":{"line":7,"column":118}}]},"9":{"type":"branch","line":7,"loc":{"start":{"line":7,"column":44},"end":{"line":7,"column":67}},"locations":[{"start":{"line":7,"column":44},"end":{"line":7,"column":67}}]},"10":{"type":"branch","line":7,"loc":{"start":{"line":7,"column":68},"end":{"line":7,"column":115}},"locations":[{"start":{"line":7,"column":68},"end":{"line":7,"column":115}}]},"11":{"type":"branch","line":13,"loc":{"start":{"line":13,"column":4},"end":{"line":15,"column":5}},"locations":[{"start":{"line":13,"column":4},"end":{"line":15,"column":5}}]},"12":{"type":"branch","line":16,"loc":{"start":{"line":16,"column":4},"end":{"line":20,"column":5}},"locations":[{"start":{"line":16,"column":4},"end":{"line":20,"column":5}}]},"13":{"type":"branch","line":17,"loc":{"start":{"line":17,"column":47},"end":{"line":19,"column":9}},"locations":[{"start":{"line":17,"column":47},"end":{"line":19,"column":9}}]}},"b":{"0":[1],"1":[1],"2":[1],"3":[1],"4":[0],"5":[1],"6":[1],"7":[0],"8":[2],"9":[1],"10":[1],"11":[4],"12":[1],"13":[1]},"fnMap":{"0":{"name":"Object.<anonymous>","decl":{"start":{"line":1,"column":0},"end":{"line":22,"column":34}},"loc":{"start":{"line":1,"column":0},"end":{"line":22,"column":34}},"line":1},"1":{"name":"Object.<anonymous>.__awaiter","decl":{"start":{"line":2,"column":44},"end":{"line":10,"column":1}},"loc":{"start":{"line":2,"column":44},"end":{"line":10,"column":1}},"line":2},"2":{"name":"adopt","decl":{"start":{"line":3,"column":4},"end":{"line":3,"column":112}},"loc":{"start":{"line":3,"column":4},"end":{"line":3,"column":112}},"line":3},"3":{"name":"fulfilled","decl":{"start":{"line":5,"column":8},"end":{"line":5,"column":99}},"loc":{"start":{"line":5,"column":8},"end":{"line":5,"column":99}},"line":5},"4":{"name":"rejected","decl":{"start":{"line":6,"column":8},"end":{"line":6,"column":102}},"loc":{"start":{"line":6,"column":8},"end":{"line":6,"column":102}},"line":6},"5":{"name":"step","decl":{"start":{"line":7,"column":8},"end":{"line":7,"column":118}},"loc":{"start":{"line":7,"column":8},"end":{"line":7,"column":118}},"line":7},"6":{"name":"FetchPersonById","decl":{"start":{"line":13,"column":4},"end":{"line":15,"column":5}},"loc":{"start":{"line":13,"column":4},"end":{"line":15,"column":5}},"line":13},"7":{"name":"execute","decl":{"start":{"line":16,"column":4},"end":{"line":20,"column":5}},"loc":{"start":{"line":16,"column":4},"end":{"line":20,"column":5}},"line":16}},"f":{"0":1,"1":1,"2":1,"3":1,"4":0,"5":2,"6":4,"7":1}}
,"/home/george/errorhandler/src/controller/person-controller.ts": {"path":"/home/george/errorhandler/src/controller/person-controller.ts","all":false,"statementMap":{"0":{"start":{"line":1,"column":0},"end":{"line":1,"column":35}},"1":{"start":{"line":2,"column":0},"end":{"line":2,"column":38}},"2":{"start":{"line":3,"column":0},"end":{"line":3,"column":54}},"3":{"start":{"line":4,"column":0},"end":{"line":4,"column":58}},"4":{"start":{"line":5,"column":0},"end":{"line":5,"column":61}},"5":{"start":{"line":6,"column":0},"end":{"line":6,"column":89}},"6":{"start":{"line":7,"column":0},"end":{"line":7,"column":0}},"7":{"start":{"line":8,"column":0},"end":{"line":8,"column":68}},"8":{"start":{"line":9,"column":0},"end":{"line":9,"column":0}},"9":{"start":{"line":10,"column":0},"end":{"line":10,"column":24}},"10":{"start":{"line":11,"column":0},"end":{"line":11,"column":39}},"11":{"start":{"line":12,"column":0},"end":{"line":12,"column":31}},"12":{"start":{"line":13,"column":0},"end":{"line":13,"column":34}},"13":{"start":{"line":14,"column":0},"end":{"line":14,"column":34}},"14":{"start":{"line":15,"column":0},"end":{"line":15,"column":0}},"15":{"start":{"line":16,"column":0},"end":{"line":16,"column":17}},"16":{"start":{"line":17,"column":0},"end":{"line":17,"column":53}},"17":{"start":{"line":18,"column":0},"end":{"line":18,"column":60}},"18":{"start":{"line":19,"column":0},"end":{"line":19,"column":63}},"19":{"start":{"line":20,"column":0},"end":{"line":20,"column":63}},"20":{"start":{"line":21,"column":0},"end":{"line":21,"column":3}},"21":{"start":{"line":22,"column":0},"end":{"line":22,"column":0}},"22":{"start":{"line":23,"column":0},"end":{"line":23,"column":22}},"23":{"start":{"line":24,"column":0},"end":{"line":24,"column":17}},"24":{"start":{"line":25,"column":0},"end":{"line":25,"column":20}},"25":{"start":{"line":26,"column":0},"end":{"line":26,"column":15}},"26":{"start":{"line":27,"column":0},"end":{"line":27,"column":30}},"27":{"start":{"line":28,"column":0},"end":{"line":28,"column":51}},"28":{"start":{"line":29,"column":0},"end":{"line":29,"column":64}},"29":{"start":{"line":30,"column":0},"end":{"line":30,"column":0}},"30":{"start":{"line":31,"column":0},"end":{"line":31,"column":12}},"31":{"start":{"line":32,"column":0},"end":{"line":32,"column":27}},"32":{"start":{"line":33,"column":0},"end":{"line":33,"column":31}},"33":{"start":{"line":34,"column":0},"end":{"line":34,"column":51}},"34":{"start":{"line":35,"column":0},"end":{"line":35,"column":6}},"35":{"start":{"line":36,"column":0},"end":{"line":36,"column":3}},"36":{"start":{"line":37,"column":0},"end":{"line":37,"column":0}},"37":{"start":{"line":38,"column":0},"end":{"line":38,"column":69}},"38":{"start":{"line":39,"column":0},"end":{"line":39,"column":57}},"39":{"start":{"line":40,"column":0},"end":{"line":40,"column":0}},"40":{"start":{"line":41,"column":0},"end":{"line":41,"column":44}},"41":{"start":{"line":42,"column":0},"end":{"line":42,"column":55}},"42":{"start":{"line":43,"column":0},"end":{"line":43,"column":12}},"43":{"start":{"line":44,"column":0},"end":{"line":44,"column":41}},"44":{"start":{"line":45,"column":0},"end":{"line":45,"column":29}},"45":{"start":{"line":46,"column":0},"end":{"line":46,"column":33}},"46":{"start":{"line":47,"column":0},"end":{"line":47,"column":43}},"47":{"start":{"line":48,"column":0},"end":{"line":48,"column":9}},"48":{"start":{"line":49,"column":0},"end":{"line":49,"column":5}},"49":{"start":{"line":50,"column":0},"end":{"line":50,"column":3}},"50":{"start":{"line":51,"column":0},"end":{"line":51,"column":0}},"51":{"start":{"line":52,"column":0},"end":{"line":52,"column":54}},"52":{"start":{"line":53,"column":0},"end":{"line":53,"column":63}},"53":{"start":{"line":54,"column":0},"end":{"line":54,"column":15}},"54":{"start":{"line":55,"column":0},"end":{"line":55,"column":19}},"55":{"start":{"line":56,"column":0},"end":{"line":56,"column":29}},"56":{"start":{"line":57,"column":0},"end":{"line":57,"column":8}},"57":{"start":{"line":58,"column":0},"end":{"line":58,"column":3}},"58":{"start":{"line":59,"column":0},"end":{"line":59,"column":1}},"59":{"start":{"line":60,"column":0},"end":{"line":60,"column":0}},"60":{"start":{"line":61,"column":0},"end":{"line":61,"column":32}},"61":{"start":{"line":62,"column":0},"end":{"line":62,"column":26}}},"s":{"0":1,"1":1,"2":1,"3":1,"4":1,"5":1,"6":1,"7":1,"8":1,"9":1,"10":1,"11":1,"12":1,"13":1,"14":1,"15":1,"16":4,"17":4,"18":4,"19":4,"20":4,"21":1,"22":1,"23":1,"24":1,"25":1,"26":1,"27":1,"28":1,"29":1,"30":1,"31":1,"32":1,"33":1,"34":1,"35":1,"36":1,"37":1,"38":1,"39":1,"40":1,"41":0,"42":1,"43":1,"44":1,"45":1,"46":1,"47":1,"48":1,"49":1,"50":1,"51":1,"52":2,"53":100,"54":100,"55":100,"56":2,"57":2,"58":1,"59":1,"60":1,"61":1},"branchMap":{"0":{"type":"branch","line":16,"loc":{"start":{"line":16,"column":2},"end":{"line":21,"column":3}},"locations":[{"start":{"line":16,"column":2},"end":{"line":21,"column":3}}]},"1":{"type":"branch","line":23,"loc":{"start":{"line":23,"column":15},"end":{"line":36,"column":3}},"locations":[{"start":{"line":23,"column":15},"end":{"line":36,"column":3}}]},"2":{"type":"branch","line":38,"loc":{"start":{"line":38,"column":15},"end":{"line":50,"column":3}},"locations":[{"start":{"line":38,"column":15},"end":{"line":50,"column":3}}]},"3":{"type":"branch","line
[...]
,"/home/george/errorhandler/src/error/infrastructure-exception.ts": {"path":"/home/george/errorhandler/src/error/infrastructure-exception.ts","all":false,"statementMap":{"0":{"start":{"line":1,"column":0},"end":{"line":1,"column":36}},"1":{"start":{"line":2,"column":0},"end":{"line":2,"column":0}},"2":{"start":{"line":3,"column":0},"end":{"line":3,"column":49}},"3":{"start":{"line":4,"column":0},"end":{"line":4,"column":47}},"4":{"start":{"line":5,"column":0},"end":{"line":5,"column":44}},"5":{"start":{"line":6,"column":0},"end":{"line":6,"column":3}},"6":{"start":{"line":7,"column":0},"end":{"line":7,"column":1}},"7":{"start":{"line":8,"column":0},"end":{"line":8,"column":0}},"8":{"start":{"line":9,"column":0},"end":{"line":9,"column":39}}},"s":{"0":1,"1":1,"2":1,"3":1,"4":0,"5":0,"6":1,"7":1,"8":1},"branchMap":{},"b":{},"fnMap":{"0":{"name":"InfrastructureException","decl":{"start":{"line":4,"column":2},"end":{"line":6,"column":3}},"loc":{"start":{"line":4,"column":2},"end":{"line":6,"column":3}},"line":4}},"f":{"0":0}}
,"/home/george/errorhandler/src/error/user/user-not-found-exception.ts": {"path":"/home/george/errorhandler/src/error/user/user-not-found-exception.ts","all":false,"statementMap":{"0":{"start":{"line":1,"column":0},"end":{"line":1,"column":54}},"1":{"start":{"line":2,"column":0},"end":{"line":2,"column":0}},"2":{"start":{"line":3,"column":0},"end":{"line":3,"column":55}},"3":{"start":{"line":4,"column":0},"end":{"line":4,"column":47}},"4":{"start":{"line":5,"column":0},"end":{"line":5,"column":61}},"5":{"start":{"line":6,"column":0},"end":{"line":6,"column":3}},"6":{"start":{"line":7,"column":0},"end":{"line":7,"column":1}},"7":{"start":{"line":8,"column":0},"end":{"line":8,"column":0}},"8":{"start":{"line":9,"column":0},"end":{"line":9,"column":37}}},"s":{"0":1,"1":1,"2":1,"3":1,"4":0,"5":0,"6":1,"7":1,"8":1},"branchMap":{},"b":{},"fnMap":{"0":{"name":"UserNotFoundException","decl":{"start":{"line":4,"column":2},"end":{"line":6,"column":3}},"loc":{"start":{"line":4,"column":2},"end":{"line":6,"column":3}},"line":4}},"f":{"0":0}}
,"/home/george/errorhandler/src/lib/result.ts": {"path":"/home/george/errorhandler/src/lib/result.ts","all":false,"statementMap":{"0":{"start":{"line":1,"column":0},"end":{"line":1,"column":43}},"1":{"start":{"line":2,"column":0},"end":{"line":2,"column":0}},"2":{"start":{"line":3,"column":0},"end":{"line":3,"column":17}},"3":{"start":{"line":4,"column":0},"end":{"line":4,"column":55}},"4":{"start":{"line":5,"column":0},"end":{"line":5,"column":0}},"5":{"start":{"line":6,"column":0},"end":{"line":6,"column":57}},"6":{"start":{"line":7,"column":0},"end":{"line":7,"column":44}},"7":{"start":{"line":8,"column":0},"end":{"line":8,"column":3}},"8":{"start":{"line":9,"column":0},"end":{"line":9,"column":0}},"9":{"start":{"line":10,"column":0},"end":{"line":10,"column":47}},"10":{"start":{"line":11,"column":0},"end":{"line":11,"column":47}},"11":{"start":{"line":12,"column":0},"end":{"line":12,"column":3}},"12":{"start":{"line":13,"column":0},"end":{"line":13,"column":1}},"13":{"start":{"line":14,"column":0},"end":{"line":14,"column":0}},"14":{"start":{"line":15,"column":0},"end":{"line":15,"column":22}}},"s":{"0":1,"1":1,"2":1,"3":1,"4":1,"5":1,"6":1,"7":1,"8":1,"9":1,"10":2,"11":2,"12":1,"13":1,"14":1},"branchMap":{"0":{"type":"branch","line":4,"loc":{"start":{"line":4,"column":2},"end":{"line":4,"column":55}},"locations":[{"start":{"line":4,"column":2},"end":{"line":4,"column":55}}]},"1":{"type":"branch","line":6,"loc":{"start":{"line":6,"column":2},"end":{"line":8,"column":3}},"locations":[{"start":{"line":6,"column":2},"end":{"line":8,"column":3}}]},"2":{"type":"branch","line":10,"loc":{"start":{"line":10,"column":2},"end":{"line":12,"column":3}},"locations":[{"start":{"line":10,"column":2},"end":{"line":12,"column":3}}]}},"b":{"0":[4],"1":[1],"2":[2]},"fnMap":{"0":{"name":"Result","decl":{"start":{"line":4,"column":2},"end":{"line":4,"column":55}},"loc":{"start":{"line":4,"column":2},"end":{"line":4,"column":55}},"line":4},"1":{"name":"isException","decl":{"start":{"line":6,"column":2},"end":{"line":8,"column":3}},"loc":{"start":{"line":6,"column":2},"end":{"line":8,"column":3}},"line":6},"2":{"name":"isSuccess","decl":{"start":{"line":10,"column":2},"end":{"line":12,"column":3}},"loc":{"start":{"line":10,"column":2},"end":{"line":12,"column":3}},"line":10}},"f":{"0":4,"1":1,"2":2}}
,"/home/george/errorhandler/src/repository/postgres/person-postgres-repository.ts": {"path":"/home/george/errorhandler/src/repository/postgres/person-postgres-repository.ts","all":false,"statementMap":{"0":{"start":{"line":1,"column":0},"end":{"line":1,"column":48}},"1":{"start":{"line":2,"column":0},"end":{"line":2,"column":0}},"2":{"start":{"line":3,"column":0},"end":{"line":3,"column":38}},"3":{"start":{"line":4,"column":0},"end":{"line":4,"column":41}},"4":{"start":{"line":5,"column":0},"end":{"line":5,"column":52}},"5":{"start":{"line":6,"column":0},"end":{"line":6,"column":63}},"6":{"start":{"line":7,"column":0},"end":{"line":7,"column":75}},"7":{"start":{"line":8,"column":0},"end":{"line":8,"column":78}},"8":{"start":{"line":9,"column":0},"end":{"line":9,"column":46}},"9":{"start":{"line":10,"column":0},"end":{"line":10,"column":0}},"10":{"start":{"line":11,"column":0},"end":{"line":11,"column":60}},"11":{"start":{"line":12,"column":0},"end":{"line":12,"column":18}},"12":{"start":{"line":13,"column":0},"end":{"line":13,"column":0}},"13":{"start":{"line":14,"column":0},"end":{"line":14,"column":47}},"14":{"start":{"line":15,"column":0},"end":{"line":15,"column":41}},"15":{"start":{"line":16,"column":0},"end":{"line":16,"column":86}},"16":{"start":{"line":17,"column":0},"end":{"line":17,"column":48}},"17":{"start":{"line":18,"column":0},"end":{"line":18,"column":6}},"18":{"start":{"line":19,"column":0},"end":{"line":19,"column":0}},"19":{"start":{"line":20,"column":0},"end":{"line":20,"column":79}},"20":{"start":{"line":21,"column":0},"end":{"line":21,"column":3}},"21":{"start":{"line":22,"column":0},"end":{"line":22,"column":0}},"22":{"start":{"line":23,"column":0},"end":{"line":23,"column":37}},"23":{"start":{"line":24,"column":0},"end":{"line":24,"column":41}},"24":{"start":{"line":25,"column":0},"end":{"line":25,"column":61}},"25":{"start":{"line":26,"column":0},"end":{"line":26,"column":6}},"26":{"start":{"line":27,"column":0},"end":{"line":27,"column":0}},"27":{"start":{"line":28,"column":0},"end":{"line":28,"column":70}},"28":{"start":{"line":29,"column":0},"end":{"line":29,"column":3}},"29":{"start":{"line":30,"column":0},"end":{"line":30,"column":0}},"30":{"start":{"line":31,"column":0},"end":{"line":31,"column":54}},"31":{"start":{"line":32,"column":0},"end":{"line":32,"column":9}},"32":{"start":{"line":33,"column":0},"end":{"line":33,"column":43}},"33":{"start":{"line":34,"column":0},"end":{"line":34,"column":78}},"34":{"start":{"line":35,"column":0},"end":{"line":35,"column":12}},"35":{"start":{"line":36,"column":0},"end":{"line":36,"column":8}},"36":{"start":{"line":37,"column":0},"end":{"line":37,"column":0}},"37":{"start":{"line":38,"column":0},"end":{"line":38,"column":29}},"38":{"start":{"line":39,"column":0},"end":{"line":39,"column":65}},"39":{"start":{"line":40,"column":0},"end":{"line":40,"column":7}},"40":{"start":{"line":41,"column":0},"end":{"line":41,"column":0}},"41":{"start":{"line":42,"column":0},"end":{"line":42,"column":32}},"42":{"start":{"line":43,"column":0},"end":{"line":43,"column":75}},"43":{"start":{"line":44,"column":0},"end":{"line":44,"column":8}},"44":{"start":{"line":45,"column":0},"end":{"line":45,"column":26}},"45":{"start":{"line":46,"column":0},"end":{"line":46,"column":37}},"46":{"start":{"line":47,"column":0},"end":{"line":47,"column":57}},"47":{"start":{"line":48,"column":0},"end":{"line":48,"column":8}},"48":{"start":{"line":49,"column":0},"end":{"line":49,"column":0}},"49":{"start":{"line":50,"column":0},"end":{"line":50,"column":30}},"50":{"start":{"line":51,"column":0},"end":{"line":51,"column":0}},"51":{"start":{"line":52,"column":0},"end":{"line":52,"column":17}},"52":{"start":{"line":53,"column":0},"end":{"line":53,"column":5}},"53":{"start":{"line":54,"column":0},"end":{"line":54,"column":3}},"54":{"start":{"line":55,"column":0},"end":{"line":55,"column":0}},"55":{"start":{"line":56,"column":0},"end":{"line":56,"column":32}},"56":{"start":{"line":57,"column":0},"end":{"line":57,"column":9}},"57":{"start":{"line":58,"column":0},"end":{"line":58,"column":26}},"58":{"start":{"line":59,"column":0},"end":{"line":59,"column":26}},"59":{"start":{"line":60,"column":0},"end":{"line":60,"column":62}},"60":{"start":{"line":61,"column":0},"end":{"line":61,"column":5}},"61":{"start":{"line":62,"column":0},"end":{"line":62,"column":3}},"62":{"start":{"line":63,"column":0},"end":{"line":63,"column":0}},"63":{"start":{"line":64,"column":0},"end":{"line":64,"column":30}},"64":{"start":{"line":65,"column":0},"end":{"line":65,"column":18}},"65":{"start":{"line":66,"column":0},"end":{"line":66,"column":18}},"66":{"start":{"line":67,"column":0},"end":{"line":67,"column":32}},"67":{"start":{"line":68,"column":0},"end":{"line":68,"column":37}},"68":{"start":{"line":69,"column":0},"end":{"line":69,"column":0}},"69":{"start":{"line":70,"column":0},"end":{"line":70,"column":9}},"70":{"start":{"line":71,"column":0},"end":{"line":71,"column":29}},"71":{"start":{"line":72,"column":0},"end":{"line":72,"column":26}},"72":{"start":{"line":73,"column":0},"end":{"line":73,"column":62}},"73":{"start":{"line":74,"column":0},"end":{"line":74,"column":5}},"74":{"start":{"line":75,"column":0},"end":{"line":75,"column":0}},"75":{"start":{"line":76,"column":0},"end":{"line":76,"column":33}},"76":{"start":{"line":77,"column":0},"end":{"line":77,"column":0}},"77":{"start":{"line":78,"column":0},"end":{"line":78,"column":9}},"78":{"start":{"line":79,"column":0},"end":{"line":79,"column":49}},"79":{"start":{"line":80,"column":0},"end":{"line":80,"column":26}},"80":{"start":{"line":81,"column":0},"end":{"line":81,"column":56}},"81":{"start":{"line":82,"column":0},"end":{"line":82,"column":5}},"82":{"start":{"line":83,"column":0},"end":{"line":83,"column":0}},"83":{"start":{"line":84,"column":0},"end":{"line":84,"column":23}},"84":{"start":{"line":85,"column":0},"end":{"line":85,"column":18}},"85":{"start":{"line":86,"column":0},"end":{"line":86,"column":3}},"86":{"start":{"line":87,"column":0},"end":{"line":87,"column":1}},"87":{"start":{"line":88,"column":0},"end":{"line":88,"column":0}},"88":{"start":{"line":89,"column":0},"end":{"line":89,"column":40}}},"s":{"0":1,"1":1,"2":1,"3":1,"4":1,"5":1,"6":1,"7":1,"8":1,"9":1,"10":1,"11":1,"12":1,"13":1,"14":3,"15":3,"16":3,"17":3,"18":3,"19":3,"20":3,"21":1,"22":1,"23":4,"24":4,"25":4,"26":4,"27":4,"28":4,"29":1,"30":1,"31":2,"32":2,"33":2,"34":2,"35":2,"36":2,"37":2,"38":0,"39":0,"40":2,"41":2,"42":2,"43":2,"44":2,"45":0,"46":0,"47":0,"48":0,"49":0,"50":0,"51":0,"52":0,"53":2,"54":1,"55":1,"56":9,"57":9,"58":9,"59":0,"60":0,"61":9,"62":1,"63":1,"64":9,"65":9,"66":9,"67":9,"68":9,"69":9,"70":9,"71":9,"72":0,"73":0,"74":9,"75":9,"76":9,"77":9,"78":9,"79":9,"80":0,"81":0,"82":9,"83":9,"84":9,"85":9,"86":1,"87":1,"88":1},"branchMap":{"0":{"type":"branch","line":12,"loc":{"start":{"line":12,"column":2},"end":{"line":12,"column":18}},"locations":[{"start":{"line":12,"column":2},"end":{"line":12,"column":18}}]},"1":{"type":"branch","line":14,"loc":{"start":{"line":14,"column":8},"end":{"line":21,"column":3}},"locations":[{"start":{"line":14,"column":8},"end":{"line":21,"column":3}}]},"2":{"type":"branch","line":23,"loc":{"start":{"line":23,"column":8},"end":{"line":29,"column":3}},"locations":[{"start":{"line":23,"column":8},"end":{"line":29,"column":3}}]},"3":{"type":"branch","line":28,"loc":{"start":{"line":28,"column":24},"end":{"line":28,"column":68}},"locations":[{"start":{"line":28,"column":24},"end":{"line":28,"column":68}}]},"4":{"type":"branch","line":31,"loc":{"start":{"line":31,"column":8},"end":{"line":54,"column":3}},"locations":[{"start":{"line":31,"column":8},"end":{"line":54,"column":3}}]},"5":{"type":"branch","line":38,"loc":{"start":{"line":38,"column":28},"end":{"line":40,"column":7}},"locations":[{"start":{"line":38,"column":28},"end":{"line":40,"column":7}}]},"6":{"type":"branch","line":45,"loc":{"start":{"line":45,"column":6},"end":{"line":53,"column":5}},"locations":[{"start":{"line":45,"column":6},"end":{"line":53,"column":5}}]},"7":{"type":"branch","line":56,"loc":{"start":{"line":56,"column":10},"end":{"line":62,"column":3}},"locations":[{"start":{"line":56,"column":10},"end":{"line":62,"column":3}}]},"8":{"type":"branch","line":59,"loc":{"start":{"line":59,"column":6},"end":{"line":61,"column":5}},"locations":[{"start":{"line":59,"column":6},"end":{"line":61,"column":5}}]},"9":{"type":"branch","line":64,"loc":{"start":{"line":64,"column":16},"end":{"line":86,"column":3}},"locations":[{"start":{"line":64,"column":16},"end":{"line":86,"column":3}}]},"10":{"type":"branch","line":72,"loc":{"start":{"line":72,"column":6},"end":{"line":74,"column":5}},"locations":[{"start":{"line":72,"column":6},"end":{"line":74,"column":5}}]},"11":{"type":"branch","line":80,"loc":{"start":{"line":80,"column":6},"end":{"line":82,"column":5}},"locations":[{"start":{"line":80,"column":6},"end":{"line":82,"column":5}}]}},"b":{"0":[9],"1":[3],"2":[4],"3":[198],"4":[2],"5":[0],"6":[0],"7":[9],"8":[0],"9":[9],"10":[0],"11":[0]},"fnMap":{"0":{"name":"PersonRepositoryPostgres","decl":{"start":{"line":12,"column":2},"end":{"line":12,"column":18}},"loc":{"start":{"line":12,"column":2},"end":{"line":12,"column":18}},"line":12},"1":{"name":"save","decl":{"start":{"line":14,"column":8},"end":{"line":21,"column":3}},"loc":{"start":{"line":14,"column":8},"end":{"line":21,"column":3}},"line":14},"2":{"name":"getAll","decl":{"start":{"line":23,"column":8},"end":{"line":29,"column":3}},"loc":{"start":{"line":23,"column":8},"end":{"line":29,"column":3}},"line":23},"3":{"name":"getById","decl":{"start":{"line":31,"column":8},"end":{"line":54,"column":3}},"loc":{"start":{"line":31,"column":8},"end":{"line":54,"column":3}},"line":31},"4":{"name":"getCliente","decl":{"start":{"line":56,"column":10},"end":{"line":62,"column":3}},"loc":{"start":{"line":56,"column":10},"end":{"line":62,"column":3}},"line":56},"5":{"name":"queryExecutor","decl":{"start":{"line":64,"column":16},"end":{"line":86,"column":3}},"loc":{"start":{"line":64,"column":16},"end":{"line":86,"column":3}},"line":64}},"f":{"0":9,"1":3,"2":4,"3":2,"4":9,"5":9}}
,"/home/george/errorhandler/src/use-case/add-person.ts": {"path":"/home/george/errorhandler/src/use-case/add-person.ts","all":false,"statementMap":{"0":{"start":{"line":1,"column":0},"end":{"line":1,"column":38}},"1":{"start":{"line":2,"column":0},"end":{"line":2,"column":63}},"2":{"start":{"line":3,"column":0},"end":{"line":3,"column":0}},"3":{"start":{"line":4,"column":0},"end":{"line":4,"column":24}},"4":{"start":{"line":5,"column":0},"end":{"line":5,"column":62}},"5":{"start":{"line":6,"column":0},"end":{"line":6,"column":0}},"6":{"start":{"line":7,"column":0},"end":{"line":7,"column":50}},"7":{"start":{"line":8,"column":0},"end":{"line":8,"column":46}},"8":{"start":{"line":9,"column":0},"end":{"line":9,"column":3}},"9":{"start":{"line":10,"column":0},"end":{"line":10,"column":1}},"10":{"start":{"line":11,"column":0},"end":{"line":11,"column":0}},"11":{"start":{"line":12,"column":0},"end":{"line":12,"column":32}}},"s":{"0":1,"1":1,"2":1,"3":1,"4":1,"5":1,"6":1,"7":2,"8":2,"9":1,"10":1,"11":1},"branchMap":{"0":{"type":"branch","line":5,"loc":{"start":{"line":5,"column":2},"end":{"line":5,"column":62}},"locations":[{"start":{"line":5,"column":2},"end":{"line":5,"column":62}}]},"1":{"type":"branch","line":7,"loc":{"start":{"line":7,"column":8},"end":{"line":9,"column":3}},"locations":[{"start":{"line":7,"column":8},"end":{"line":9,"column":3}}]}},"b":{"0":[5],"1":[2]},"fnMap":{"0":{"name":"AddPersonUseCase","decl":{"start":{"line":5,"column":2},"end":{"line":5,"column":62}},"loc":{"start":{"line":5,"column":2},"end":{"line":5,"column":62}},"line":5},"1":{"name":"execute","decl":{"start":{"line":7,"column":8},"end":{"line":9,"column":3}},"loc":{"start":{"line":7,"column":8},"end":{"line":9,"column":3}},"line":7}},"f":{"0":5,"1":2}}
,"/home/george/errorhandler/src/use-case/fetch-all-people.ts": {"path":"/home/george/errorhandler/src/use-case/fetch-all-people.ts","all":false,"statementMap":{"0":{"start":{"line":1,"column":0},"end":{"line":1,"column":38}},"1":{"start":{"line":2,"column":0},"end":{"line":2,"column":63}},"2":{"start":{"line":3,"column":0},"end":{"line":3,"column":0}},"3":{"start":{"line":4,"column":0},"end":{"line":4,"column":22}},"4":{"start":{"line":5,"column":0},"end":{"line":5,"column":62}},"5":{"start":{"line":6,"column":0},"end":{"line":6,"column":0}},"6":{"start":{"line":7,"column":0},"end":{"line":7,"column":38}},"7":{"start":{"line":8,"column":0},"end":{"line":8,"column":42}},"8":{"start":{"line":9,"column":0},"end":{"line":9,"column":3}},"9":{"start":{"line":10,"column":0},"end":{"line":10,"column":1}},"10":{"start":{"line":11,"column":0},"end":{"line":11,"column":0}},"11":{"start":{"line":12,"column":0},"end":{"line":12,"column":30}}},"s":{"0":1,"1":1,"2":1,"3":1,"4":1,"5":1,"6":1,"7":2,"8":2,"9":1,"10":1,"11":1},"branchMap":{"0":{"type":"branch","line":5,"loc":{"start":{"line":5,"column":2},"end":{"line":5,"column":62}},"locations":[{"start":{"line":5,"column":2},"end":{"line":5,"column":62}}]},"1":{"type":"branch","line":7,"loc":{"start":{"line":7,"column":8},"end":{"line":9,"column":3}},"locations":[{"start":{"line":7,"column":8},"end":{"line":9,"column":3}}]}},"b":{"0":[4],"1":[2]},"fnMap":{"0":{"name":"FetchAllPeople","decl":{"start":{"line":5,"column":2},"end":{"line":5,"column":62}},"loc":{"start":{"line":5,"column":2},"end":{"line":5,"column":62}},"line":5},"1":{"name":"execute","decl":{"start":{"line":7,"column":8},"end":{"line":9,"column":3}},"loc":{"start":{"line":7,"column":8},"end":{"line":9,"column":3}},"line":7}},"f":{"0":4,"1":2}}
,"/home/george/errorhandler/src/use-case/fetch-person-by-id.ts": {"path":"/home/george/errorhandler/src/use-case/fetch-person-by-id.ts","all":false,"statementMap":{"0":{"start":{"line":1,"column":0},"end":{"line":1,"column":38}},"1":{"start":{"line":2,"column":0},"end":{"line":2,"column":35}},"2":{"start":{"line":3,"column":0},"end":{"line":3,"column":63}},"3":{"start":{"line":4,"column":0},"end":{"line":4,"column":0}},"4":{"start":{"line":5,"column":0},"end":{"line":5,"column":23}},"5":{"start":{"line":6,"column":0},"end":{"line":6,"column":62}},"6":{"start":{"line":7,"column":0},"end":{"line":7,"column":0}},"7":{"start":{"line":8,"column":0},"end":{"line":8,"column":54}},"8":{"start":{"line":9,"column":0},"end":{"line":9,"column":45}},"9":{"start":{"line":10,"column":0},"end":{"line":10,"column":3}},"10":{"start":{"line":11,"column":0},"end":{"line":11,"column":1}},"11":{"start":{"line":12,"column":0},"end":{"line":12,"column":0}},"12":{"start":{"line":13,"column":0},"end":{"line":13,"column":31}}},"s":{"0":1,"1":1,"2":1,"3":1,"4":1,"5":1,"6":1,"7":1,"8":1,"9":1,"10":1,"11":1,"12":1},"branchMap":{"0":{"type":"branch","line":6,"loc":{"start":{"line":6,"column":2},"end":{"line":6,"column":62}},"locations":[{"start":{"line":6,"column":2},"end":{"line":6,"column":62}}]},"1":{"type":"branch","line":8,"loc":{"start":{"line":8,"column":8},"end":{"line":10,"column":3}},"locations":[{"start":{"line":8,"column":8},"end":{"line":10,"column":3}}]}},"b":{"0":[4],"1":[1]},"fnMap":{"0":{"name":"FetchPersonById","decl":{"start":{"line":6,"column":2},"end":{"line":6,"column":62}},"loc":{"start":{"line":6,"column":2},"end":{"line":6,"column":62}},"line":6},"1":{"name":"execute","decl":{"start":{"line":8,"column":8},"end":{"line":10,"column":3}},"loc":{"start":{"line":8,"column":8},"end":{"line":10,"column":3}},"line":8}},"f":{"0":4,"1":1}}
}
