TN:
SF:build/src/controller/person-controller.js
FN:1,Object.<anonymous>
FN:2,Object.<anonymous>.__awaiter
FN:3,adopt
FN:5,fulfilled
FN:6,rejected
FN:7,step
FN:11,Object.<anonymous>.__importDefault
FN:22,PersonController
FN:28,create
FN:39,getById
FN:54,fetchAll
FNF:11
FNH:10
FNDA:1,Object.<anonymous>
FNDA:4,Object.<anonymous>.__awaiter
FNDA:4,adopt
FNDA:4,fulfilled
FNDA:0,rejected
FNDA:8,step
FNDA:6,Object.<anonymous>.__importDefault
FNDA:4,PersonController
FNDA:1,create
FNDA:1,getById
FNDA:2,fetchAll
DA:1,1
DA:2,1
DA:3,4
DA:4,4
DA:5,4
DA:6,4
DA:7,4
DA:8,4
DA:9,4
DA:10,1
DA:11,1
DA:12,6
DA:13,1
DA:14,1
DA:15,1
DA:16,1
DA:17,1
DA:18,1
DA:19,1
DA:20,1
DA:21,1
DA:22,1
DA:23,4
DA:24,4
DA:25,4
DA:26,4
DA:27,4
DA:28,1
DA:29,1
DA:30,1
DA:31,1
DA:32,1
DA:33,1
DA:34,1
DA:35,1
DA:36,1
DA:37,1
DA:38,1
DA:39,1
DA:40,1
DA:41,1
DA:42,1
DA:43,0
DA:44,0
DA:45,1
DA:46,1
DA:47,1
DA:48,1
DA:49,1
DA:50,1
DA:51,1
DA:52,1
DA:53,1
DA:54,1
DA:55,2
DA:56,2
DA:57,94
DA:58,94
DA:59,94
DA:60,2
DA:61,2
DA:62,2
DA:63,1
DA:64,1
LF:64
LH:62
BRDA:1,0,0,1
BRDA:1,1,0,1
BRDA:2,2,0,4
BRDA:3,3,0,4
BRDA:3,4,0,0
BRDA:4,5,0,4
BRDA:5,6,0,4
BRDA:5,7,0,0
BRDA:7,8,0,8
BRDA:7,9,0,4
BRDA:7,10,0,4
BRDA:11,11,0,6
BRDA:12,12,0,0
BRDA:22,13,0,4
BRDA:28,14,0,1
BRDA:29,15,0,1
BRDA:39,16,0,1
BRDA:40,17,0,1
BRDA:42,18,0,0
BRDA:54,19,0,2
BRDA:55,20,0,2
BRDA:56,21,0,94
BRF:22
BRH:18
end_of_record
TN:
SF:build/src/entity/person.js
FN:1,Object.<anonymous>
FN:6,get
FN:15,Object.<anonymous>.__setModuleDefault
FN:18,Object.<anonymous>.__importStar
FN:25,Object.<anonymous>.__importDefault
FN:32,Person
FN:38,validateNameInforme
FN:43,validateNameAndLastName
FN:48,validateBirthdateInformed
FN:53,validateBirthdateInPast
FN:58,validate
FNF:11
FNH:10
FNDA:4,Object.<anonymous>
FNDA:4,get
FNDA:0,Object.<anonymous>.__setModuleDefault
FNDA:4,Object.<anonymous>.__importStar
FNDA:4,Object.<anonymous>.__importDefault
FNDA:201,Person
FNDA:201,validateNameInforme
FNDA:200,validateNameAndLastName
FNDA:199,validateBirthdateInformed
FNDA:198,validateBirthdateInPast
FNDA:201,validate
DA:1,4
DA:2,4
DA:3,256
DA:4,256
DA:5,256
DA:6,252
DA:7,252
DA:8,256
DA:9,4
DA:10,0
DA:11,0
DA:12,4
DA:13,4
DA:14,4
DA:15,4
DA:16,0
DA:17,4
DA:18,4
DA:19,4
DA:20,4
DA:21,4
DA:22,4
DA:23,4
DA:24,4
DA:25,4
DA:26,4
DA:27,4
DA:28,4
DA:29,4
DA:30,4
DA:31,4
DA:32,4
DA:33,201
DA:34,201
DA:35,201
DA:36,201
DA:37,201
DA:38,4
DA:39,201
DA:40,1
DA:41,1
DA:42,201
DA:43,4
DA:44,200
DA:45,1
DA:46,1
DA:47,200
DA:48,4
DA:49,199
DA:50,1
DA:51,1
DA:52,199
DA:53,4
DA:54,198
DA:55,1
DA:56,1
DA:57,198
DA:58,4
DA:59,201
DA:60,201
DA:61,201
DA:62,201
DA:63,201
DA:64,4
DA:65,4
LF:65
LH:62
BRDA:1,0,0,4
BRDA:1,1,0,4
BRDA:9,2,0,0
BRDA:15,3,0,0
BRDA:2,4,0,256
BRDA:5,5,0,4
BRDA:5,6,0,252
BRDA:5,7,0,4
BRDA:5,8,0,252
BRDA:6,9,0,4
BRDA:13,10,0,4
BRDA:18,11,0,4
BRDA:19,12,0,0
BRDA:21,13,0,256
BRDA:25,14,0,4
BRDA:26,15,0,0
BRDA:32,16,0,201
BRDA:38,17,0,201
BRDA:39,18,0,1
BRDA:43,19,0,200
BRDA:44,20,0,1
BRDA:48,21,0,199
BRDA:49,22,0,1
BRDA:53,23,0,198
BRDA:54,24,0,1
BRDA:58,25,0,201
BRF:26
BRH:22
end_of_record
TN:
SF:build/src/error/business-exception.js
FN:1,Object.<anonymous>
FN:2,Object.<anonymous>.__importDefault
FN:8,BusinessException
FNF:3
FNH:3
FNDA:4,Object.<anonymous>
FNDA:4,Object.<anonymous>.__importDefault
FNDA:4,BusinessException
DA:1,4
DA:2,4
DA:3,4
DA:4,4
DA:5,4
DA:6,4
DA:7,4
DA:8,4
DA:9,4
DA:10,4
DA:11,4
DA:12,4
DA:13,4
LF:13
LH:13
BRDA:1,0,0,4
BRDA:1,1,0,4
BRDA:2,2,0,4
BRDA:3,3,0,0
BRDA:8,4,0,4
BRF:5
BRH:4
end_of_record
TN:
SF:build/src/error/database-exception.js
FN:1,Object.<anonymous>
FN:2,Object.<anonymous>.__importDefault
FN:8,DatabaseException
FNF:3
FNH:2
FNDA:3,Object.<anonymous>
FNDA:3,Object.<anonymous>.__importDefault
FNDA:0,DatabaseException
DA:1,3
DA:2,3
DA:3,3
DA:4,3
DA:5,3
DA:6,3
DA:7,3
DA:8,3
DA:9,0
DA:10,0
DA:11,3
DA:12,3
LF:12
LH:10
BRDA:1,0,0,3
BRDA:1,1,0,3
BRDA:2,2,0,3
BRDA:3,3,0,0
BRF:4
BRH:3
end_of_record
TN:
SF:build/src/error/exception.js
FN:1,Object.<anonymous>
FN:6,get
FN:15,Object.<anonymous>.__setModuleDefault
FN:18,Object.<anonymous>.__importStar
FN:28,Exception
FNF:5
FNH:4
FNDA:4,Object.<anonymous>
FNDA:4,get
FNDA:0,Object.<anonymous>.__setModuleDefault
FNDA:4,Object.<anonymous>.__importStar
FNDA:4,Exception
DA:1,4
DA:2,4
DA:3,256
DA:4,256
DA:5,256
DA:6,252
DA:7,252
DA:8,256
DA:9,4
DA:10,0
DA:11,0
DA:12,4
DA:13,4
DA:14,4
DA:15,4
DA:16,0
DA:17,4
DA:18,4
DA:19,4
DA:20,4
DA:21,4
DA:22,4
DA:23,4
DA:24,4
DA:25,4
DA:26,4
DA:27,4
DA:28,4
DA:29,4
DA:30,4
DA:31,4
DA:32,4
DA:33,4
DA:34,4
DA:35,4
LF:35
LH:32
BRDA:1,0,0,4
BRDA:1,1,0,4
BRDA:9,2,0,0
BRDA:15,3,0,0
BRDA:2,4,0,256
BRDA:5,5,0,4
BRDA:5,6,0,252
BRDA:5,7,0,4
BRDA:5,8,0,252
BRDA:6,9,0,4
BRDA:13,10,0,4
BRDA:18,11,0,4
BRDA:19,12,0,0
BRDA:21,13,0,256
BRDA:28,14,0,4
BRF:15
BRH:12
end_of_record
TN:
SF:build/src/error/infrastructure-exception.js
FN:1,Object.<anonymous>
FN:2,Object.<anonymous>.__importDefault
FN:8,InfrastructureException
FNF:3
FNH:2
FNDA:3,Object.<anonymous>
FNDA:3,Object.<anonymous>.__importDefault
FNDA:0,InfrastructureException
DA:1,3
DA:2,3
DA:3,3
DA:4,3
DA:5,3
DA:6,3
DA:7,3
DA:8,3
DA:9,0
DA:10,0
DA:11,3
DA:12,3
LF:12
LH:10
BRDA:1,0,0,3
BRDA:1,1,0,3
BRDA:2,2,0,3
BRDA:3,3,0,0
BRF:4
BRH:3
end_of_record
TN:
SF:build/src/error/user/user-not-found-exception.js
FN:1,Object.<anonymous>
FN:2,Object.<anonymous>.__importDefault
FN:8,UserNotFoundException
FNF:3
FNH:2
FNDA:3,Object.<anonymous>
FNDA:3,Object.<anonymous>.__importDefault
FNDA:0,UserNotFoundException
DA:1,3
DA:2,3
DA:3,3
DA:4,3
DA:5,3
DA:6,3
DA:7,3
DA:8,3
DA:9,0
DA:10,0
DA:11,0
DA:12,3
DA:13,3
LF:13
LH:10
BRDA:1,0,0,3
BRDA:1,1,0,3
BRDA:2,2,0,3
BRDA:3,3,0,0
BRF:4
BRH:3
end_of_record
TN:
SF:build/src/lib/result.js
FN:1,Object.<anonymous>
FN:2,Object.<anonymous>.__importDefault
FN:8,Result
FN:11,isException
FN:14,isSuccess
FNF:5
FNH:5
FNDA:3,Object.<anonymous>
FNDA:3,Object.<anonymous>.__importDefault
FNDA:4,Result
FNDA:1,isException
FNDA:2,isSuccess
DA:1,3
DA:2,3
DA:3,3
DA:4,3
DA:5,3
DA:6,3
DA:7,3
DA:8,3
DA:9,4
DA:10,4
DA:11,3
DA:12,1
DA:13,1
DA:14,3
DA:15,2
DA:16,2
DA:17,3
DA:18,3
LF:18
LH:18
BRDA:1,0,0,3
BRDA:1,1,0,3
BRDA:2,2,0,3
BRDA:3,3,0,0
BRDA:8,4,0,4
BRDA:11,5,0,1
BRDA:14,6,0,2
BRF:7
BRH:6
end_of_record
TN:
SF:build/src/repository/postgres/person-postgres-repository.js
FN:1,Object.<anonymous>
FN:2,Object.<anonymous>.__awaiter
FN:3,adopt
FN:5,fulfilled
FN:6,rejected
FN:7,step
FN:11,Object.<anonymous>.__importDefault
FN:22,PersonRepositoryPostgres
FN:23,save
FN:29,getAll
FN:35,getById
FN:51,getCliente
FN:59,queryExecutor
FNF:13
FNH:12
FNDA:3,Object.<anonymous>
FNDA:18,Object.<anonymous>.__awaiter
FNDA:36,adopt
FNDA:36,fulfilled
FNDA:0,rejected
FNDA:54,step
FNDA:15,Object.<anonymous>.__importDefault
FNDA:9,PersonRepositoryPostgres
FNDA:3,save
FNDA:4,getAll
FNDA:2,getById
FNDA:9,getCliente
FNDA:9,queryExecutor
DA:1,3
DA:2,3
DA:3,18
DA:4,18
DA:5,18
DA:6,18
DA:7,18
DA:8,18
DA:9,18
DA:10,3
DA:11,3
DA:12,15
DA:13,3
DA:14,3
DA:15,3
DA:16,3
DA:17,3
DA:18,3
DA:19,3
DA:20,3
DA:21,3
DA:22,3
DA:23,3
DA:24,3
DA:25,3
DA:26,3
DA:27,3
DA:28,3
DA:29,3
DA:30,4
DA:31,4
DA:32,4
DA:33,4
DA:34,4
DA:35,3
DA:36,2
DA:37,2
DA:38,2
DA:39,2
DA:40,0
DA:41,0
DA:42,2
DA:43,2
DA:44,2
DA:45,0
DA:46,0
DA:47,0
DA:48,0
DA:49,2
DA:50,2
DA:51,3
DA:52,9
DA:53,9
DA:54,9
DA:55,9
DA:56,0
DA:57,0
DA:58,9
DA:59,3
DA:60,9
DA:61,9
DA:62,9
DA:63,9
DA:64,9
DA:65,9
DA:66,0
DA:67,0
DA:68,9
DA:69,9
DA:70,9
DA:71,9
DA:72,9
DA:73,0
DA:74,0
DA:75,9
DA:76,9
DA:77,9
DA:78,9
DA:79,3
DA:80,3
LF:80
LH:68
BRDA:1,0,0,3
BRDA:1,1,0,3
BRDA:2,2,0,18
BRDA:3,3,0,36
BRDA:3,4,0,0
BRDA:4,5,0,18
BRDA:5,6,0,36
BRDA:5,7,0,0
BRDA:7,8,0,54
BRDA:7,9,0,18
BRDA:7,10,0,36
BRDA:11,11,0,15
BRDA:12,12,0,0
BRDA:22,13,0,9
BRDA:23,14,0,3
BRDA:24,15,0,3
BRDA:29,16,0,4
BRDA:30,17,0,4
BRDA:32,18,0,188
BRDA:35,19,0,2
BRDA:36,20,0,2
BRDA:39,21,0,0
BRDA:44,22,0,0
BRDA:51,23,0,9
BRDA:55,24,0,0
BRDA:59,25,0,9
BRDA:60,26,0,9
BRDA:65,27,0,0
BRDA:72,28,0,0
BRF:29
BRH:21
end_of_record
TN:
SF:build/src/use-case/add-person.js
FN:1,Object.<anonymous>
FN:2,Object.<anonymous>.__awaiter
FN:3,adopt
FN:5,fulfilled
FN:6,rejected
FN:7,step
FN:13,AddPersonUseCase
FN:16,execute
FNF:8
FNH:7
FNDA:2,Object.<anonymous>
FNDA:2,Object.<anonymous>.__awaiter
FNDA:2,adopt
FNDA:2,fulfilled
FNDA:0,rejected
FNDA:4,step
FNDA:5,AddPersonUseCase
FNDA:2,execute
DA:1,2
DA:2,2
DA:3,2
DA:4,2
DA:5,2
DA:6,2
DA:7,2
DA:8,2
DA:9,2
DA:10,2
DA:11,2
DA:12,2
DA:13,2
DA:14,5
DA:15,5
DA:16,2
DA:17,2
DA:18,2
DA:19,2
DA:20,2
DA:21,2
DA:22,2
LF:22
LH:22
BRDA:1,0,0,2
BRDA:1,1,0,2
BRDA:2,2,0,2
BRDA:3,3,0,2
BRDA:3,4,0,0
BRDA:4,5,0,2
BRDA:5,6,0,2
BRDA:5,7,0,0
BRDA:7,8,0,4
BRDA:7,9,0,2
BRDA:7,10,0,2
BRDA:13,11,0,5
BRDA:16,12,0,2
BRDA:17,13,0,2
BRF:14
BRH:12
end_of_record
TN:
SF:build/src/use-case/fetch-all-people.js
FN:1,Object.<anonymous>
FN:2,Object.<anonymous>.__awaiter
FN:3,adopt
FN:5,fulfilled
FN:6,rejected
FN:7,step
FN:13,FetchAllPeople
FN:16,execute
FNF:8
FNH:7
FNDA:1,Object.<anonymous>
FNDA:2,Object.<anonymous>.__awaiter
FNDA:2,adopt
FNDA:2,fulfilled
FNDA:0,rejected
FNDA:4,step
FNDA:4,FetchAllPeople
FNDA:2,execute
DA:1,1
DA:2,1
DA:3,2
DA:4,2
DA:5,2
DA:6,2
DA:7,2
DA:8,2
DA:9,2
DA:10,1
DA:11,1
DA:12,1
DA:13,1
DA:14,4
DA:15,4
DA:16,1
DA:17,2
DA:18,2
DA:19,2
DA:20,2
DA:21,1
DA:22,1
LF:22
LH:22
BRDA:1,0,0,1
BRDA:1,1,0,1
BRDA:2,2,0,2
BRDA:3,3,0,2
BRDA:3,4,0,0
BRDA:4,5,0,2
BRDA:5,6,0,2
BRDA:5,7,0,0
BRDA:7,8,0,4
BRDA:7,9,0,2
BRDA:7,10,0,2
BRDA:13,11,0,4
BRDA:16,12,0,2
BRDA:17,13,0,2
BRF:14
BRH:12
end_of_record
TN:
SF:build/src/use-case/fetch-person-by-id.js
FN:1,Object.<anonymous>
FN:2,Object.<anonymous>.__awaiter
FN:3,adopt
FN:5,fulfilled
FN:6,rejected
FN:7,step
FN:13,FetchPersonById
FN:16,execute
FNF:8
FNH:7
FNDA:1,Object.<anonymous>
FNDA:1,Object.<anonymous>.__awaiter
FNDA:1,adopt
FNDA:1,fulfilled
FNDA:0,rejected
FNDA:2,step
FNDA:4,FetchPersonById
FNDA:1,execute
DA:1,1
DA:2,1
DA:3,1
DA:4,1
DA:5,1
DA:6,1
DA:7,1
DA:8,1
DA:9,1
DA:10,1
DA:11,1
DA:12,1
DA:13,1
DA:14,4
DA:15,4
DA:16,1
DA:17,1
DA:18,1
DA:19,1
DA:20,1
DA:21,1
DA:22,1
LF:22
LH:22
BRDA:1,0,0,1
BRDA:1,1,0,1
BRDA:2,2,0,1
BRDA:3,3,0,1
BRDA:3,4,0,0
BRDA:4,5,0,1
BRDA:5,6,0,1
BRDA:5,7,0,0
BRDA:7,8,0,2
BRDA:7,9,0,1
BRDA:7,10,0,1
BRDA:13,11,0,4
BRDA:16,12,0,1
BRDA:17,13,0,1
BRF:14
BRH:12
end_of_record
TN:
SF:src/controller/person-controller.ts
FN:16,PersonController
FN:23,create
FN:38,getById
FN:52,fetchAll
FNF:4
FNH:4
FNDA:4,PersonController
FNDA:1,create
FNDA:1,getById
FNDA:2,fetchAll
DA:1,1
DA:2,1
DA:3,1
DA:4,1
DA:5,1
DA:6,1
DA:7,1
DA:8,1
DA:9,1
DA:10,1
DA:11,1
DA:12,1
DA:13,1
DA:14,1
DA:15,1
DA:16,1
DA:17,4
DA:18,4
DA:19,4
DA:20,4
DA:21,4
DA:22,1
DA:23,1
DA:24,1
DA:25,1
DA:26,1
DA:27,1
DA:28,1
DA:29,1
DA:30,1
DA:31,1
DA:32,1
DA:33,1
DA:34,1
DA:35,1
DA:36,1
DA:37,1
DA:38,1
DA:39,1
DA:40,1
DA:41,1
DA:42,0
DA:43,1
DA:44,1
DA:45,1
DA:46,1
DA:47,1
DA:48,1
DA:49,1
DA:50,1
DA:51,1
DA:52,1
DA:53,2
DA:54,100
DA:55,100
DA:56,100
DA:57,2
DA:58,2
DA:59,1
DA:60,1
DA:61,1
DA:62,1
LF:62
LH:61
BRDA:16,0,0,4
BRDA:23,1,0,1
BRDA:38,2,0,1
BRDA:41,3,0,0
BRDA:52,4,0,2
BRDA:53,5,0,100
BRF:6
BRH:5
end_of_record
TN:
SF:src/entity/person.ts
FN:39,Person
FN:6,validateNameInforme
FN:12,validateNameAndLastName
FN:20,validateBirthdateInformed
FN:26,validateBirthdateInPast
FN:32,validate
FNF:6
FNH:6
FNDA:211,Person
FNDA:211,validateNameInforme
FNDA:210,validateNameAndLastName
FNDA:209,validateBirthdateInformed
FNDA:208,validateBirthdateInPast
FNDA:211,validate
DA:1,1
DA:2,1
DA:3,1
DA:4,1
DA:5,1
DA:6,1
DA:7,211
DA:8,1
DA:9,1
DA:10,211
DA:11,1
DA:12,1
DA:13,210
DA:14,1
DA:15,1
DA:16,1
DA:17,1
DA:18,210
DA:19,1
DA:20,1
DA:21,209
DA:22,1
DA:23,1
DA:24,209
DA:25,1
DA:26,1
DA:27,208
DA:28,1
DA:29,1
DA:30,208
DA:31,1
DA:32,1
DA:33,211
DA:34,211
DA:35,211
DA:36,211
DA:37,211
DA:38,1
DA:39,1
DA:40,211
DA:41,211
DA:42,211
DA:43,211
DA:44,211
DA:45,211
DA:46,1
DA:47,1
DA:48,1
LF:48
LH:48
BRDA:39,0,0,211
BRDA:6,1,0,211
BRDA:7,2,0,1
BRDA:12,3,0,210
BRDA:13,4,0,1
BRDA:20,5,0,209
BRDA:21,6,0,1
BRDA:26,7,0,208
BRDA:27,8,0,1
BRDA:32,9,0,211
BRF:10
BRH:10
end_of_record
TN:
SF:src/error/business-exception.ts
FN:4,BusinessException
FNF:1
FNH:1
FNDA:4,BusinessException
DA:1,1
DA:2,1
DA:3,1
DA:4,1
DA:5,4
DA:6,4
DA:7,1
DA:8,1
DA:9,1
LF:9
LH:9
BRDA:4,0,0,4
BRF:1
BRH:1
end_of_record
TN:
SF:src/error/database-exception.ts
FN:4,DatabaseException
FNF:1
FNH:0
FNDA:0,DatabaseException
DA:1,1
DA:2,1
DA:3,1
DA:4,1
DA:5,0
DA:6,0
DA:7,1
DA:8,1
DA:9,1
LF:9
LH:7
BRF:0
BRH:0
end_of_record
TN:
SF:src/error/exception.ts
FN:7,Exception
FNF:1
FNH:1
FNDA:4,Exception
DA:1,1
DA:2,1
DA:3,1
DA:4,1
DA:5,1
DA:6,1
DA:7,1
DA:8,4
DA:9,4
DA:10,4
DA:11,4
DA:12,1
DA:13,1
DA:14,1
LF:14
LH:14
BRDA:7,0,0,4
BRF:1
BRH:1
end_of_record
TN:
SF:src/error/infrastructure-exception.ts
FN:4,InfrastructureException
FNF:1
FNH:0
FNDA:0,InfrastructureException
DA:1,1
DA:2,1
DA:3,1
DA:4,1
DA:5,0
DA:6,0
DA:7,1
DA:8,1
DA:9,1
LF:9
LH:7
BRF:0
BRH:0
end_of_record
TN:
SF:src/error/user/user-not-found-exception.ts
FN:4,UserNotFoundException
FNF:1
FNH:0
FNDA:0,UserNotFoundException
DA:1,1
DA:2,1
DA:3,1
DA:4,1
DA:5,0
DA:6,0
DA:7,1
DA:8,1
DA:9,1
LF:9
LH:7
BRF:0
BRH:0
end_of_record
TN:
SF:src/lib/result.ts
FN:4,Result
FN:6,isException
FN:10,isSuccess
FNF:3
FNH:3
FNDA:4,Result
FNDA:1,isException
FNDA:2,isSuccess
DA:1,1
DA:2,1
DA:3,1
DA:4,1
DA:5,1
DA:6,1
DA:7,1
DA:8,1
DA:9,1
DA:10,1
DA:11,2
DA:12,2
DA:13,1
DA:14,1
DA:15,1
LF:15
LH:15
BRDA:4,0,0,4
BRDA:6,1,0,1
BRDA:10,2,0,2
BRF:3
BRH:3
end_of_record
TN:
SF:src/repository/postgres/person-postgres-repository.ts
FN:12,PersonRepositoryPostgres
FN:14,save
FN:23,getAll
FN:31,getById
FN:56,getCliente
FN:64,queryExecutor
FNF:6
FNH:6
FNDA:9,PersonRepositoryPostgres
FNDA:3,save
FNDA:4,getAll
FNDA:2,getById
FNDA:9,getCliente
FNDA:9,queryExecutor
DA:1,1
DA:2,1
DA:3,1
DA:4,1
DA:5,1
DA:6,1
DA:7,1
DA:8,1
DA:9,1
DA:10,1
DA:11,1
DA:12,1
DA:13,1
DA:14,1
DA:15,3
DA:16,3
DA:17,3
DA:18,3
DA:19,3
DA:20,3
DA:21,3
DA:22,1
DA:23,1
DA:24,4
DA:25,4
DA:26,4
DA:27,4
DA:28,4
DA:29,4
DA:30,1
DA:31,1
DA:32,2
DA:33,2
DA:34,2
DA:35,2
DA:36,2
DA:37,2
DA:38,2
DA:39,0
DA:40,0
DA:41,2
DA:42,2
DA:43,2
DA:44,2
DA:45,2
DA:46,0
DA:47,0
DA:48,0
DA:49,0
DA:50,0
DA:51,0
DA:52,0
DA:53,0
DA:54,2
DA:55,1
DA:56,1
DA:57,9
DA:58,9
DA:59,9
DA:60,0
DA:61,0
DA:62,9
DA:63,1
DA:64,1
DA:65,9
DA:66,9
DA:67,9
DA:68,9
DA:69,9
DA:70,9
DA:71,9
DA:72,9
DA:73,0
DA:74,0
DA:75,9
DA:76,9
DA:77,9
DA:78,9
DA:79,9
DA:80,9
DA:81,0
DA:82,0
DA:83,9
DA:84,9
DA:85,9
DA:86,9
DA:87,1
DA:88,1
DA:89,1
LF:89
LH:73
BRDA:12,0,0,9
BRDA:14,1,0,3
BRDA:23,2,0,4
BRDA:28,3,0,198
BRDA:31,4,0,2
BRDA:38,5,0,0
BRDA:45,6,0,0
BRDA:56,7,0,9
BRDA:59,8,0,0
BRDA:64,9,0,9
BRDA:72,10,0,0
BRDA:80,11,0,0
BRF:12
BRH:7
end_of_record
TN:
SF:src/use-case/add-person.ts
FN:5,AddPersonUseCase
FN:7,execute
FNF:2
FNH:2
FNDA:5,AddPersonUseCase
FNDA:2,execute
DA:1,1
DA:2,1
DA:3,1
DA:4,1
DA:5,1
DA:6,1
DA:7,1
DA:8,2
DA:9,2
DA:10,1
DA:11,1
DA:12,1
LF:12
LH:12
BRDA:5,0,0,5
BRDA:7,1,0,2
BRF:2
BRH:2
end_of_record
TN:
SF:src/use-case/fetch-all-people.ts
FN:5,FetchAllPeople
FN:7,execute
FNF:2
FNH:2
FNDA:4,FetchAllPeople
FNDA:2,execute
DA:1,1
DA:2,1
DA:3,1
DA:4,1
DA:5,1
DA:6,1
DA:7,1
DA:8,2
DA:9,2
DA:10,1
DA:11,1
DA:12,1
LF:12
LH:12
BRDA:5,0,0,4
BRDA:7,1,0,2
BRF:2
BRH:2
end_of_record
TN:
SF:src/use-case/fetch-person-by-id.ts
FN:6,FetchPersonById
FN:8,execute
FNF:2
FNH:2
FNDA:4,FetchPersonById
FNDA:1,execute
DA:1,1
DA:2,1
DA:3,1
DA:4,1
DA:5,1
DA:6,1
DA:7,1
DA:8,1
DA:9,1
DA:10,1
DA:11,1
DA:12,1
DA:13,1
LF:13
LH:13
BRDA:6,0,0,4
BRDA:8,1,0,1
BRF:2
BRH:2
end_of_record
