TN:
SF:src/controller/person-controller.ts
FN:15,PersonController
FN:22,create
FN:37,fetchAll
FN:45,getById
FNF:4
FNH:4
FNDA:4,PersonController
FNDA:1,create
FNDA:2,fetchAll
FNDA:1,getById
DA:1,1
DA:2,1
DA:3,1
DA:4,1
DA:5,1
DA:6,1
DA:7,1
DA:8,1
DA:9,1
DA:10,1
DA:11,1
DA:12,1
DA:13,1
DA:14,1
DA:15,1
DA:16,4
DA:17,4
DA:18,4
DA:19,4
DA:20,4
DA:21,1
DA:22,1
DA:23,1
DA:24,1
DA:25,1
DA:26,1
DA:27,1
DA:28,1
DA:29,1
DA:30,1
DA:31,1
DA:32,1
DA:33,1
DA:34,1
DA:35,1
DA:36,1
DA:37,1
DA:38,2
DA:39,84
DA:40,84
DA:41,84
DA:42,2
DA:43,2
DA:44,1
DA:45,1
DA:46,1
DA:47,1
DA:48,1
DA:49,1
DA:50,1
DA:51,1
DA:52,1
DA:53,1
DA:54,1
DA:55,1
DA:56,1
DA:57,1
LF:57
LH:57
BRDA:15,0,0,4
BRDA:22,1,0,1
BRDA:37,2,0,2
BRDA:38,3,0,84
BRDA:45,4,0,1
BRF:5
BRH:5
end_of_record
TN:
SF:src/entity/person.ts
FN:39,Person
FN:6,validateNameInforme
FN:12,validateNameAndLastName
FN:20,validateBirthdateInformed
FN:26,validateBirthdateInPast
FN:32,validate
FNF:6
FNH:6
FNDA:179,Person
FNDA:179,validateNameInforme
FNDA:178,validateNameAndLastName
FNDA:177,validateBirthdateInformed
FNDA:176,validateBirthdateInPast
FNDA:179,validate
DA:1,1
DA:2,1
DA:3,1
DA:4,1
DA:5,1
DA:6,1
DA:7,179
DA:8,1
DA:9,1
DA:10,179
DA:11,1
DA:12,1
DA:13,178
DA:14,1
DA:15,1
DA:16,1
DA:17,1
DA:18,178
DA:19,1
DA:20,1
DA:21,177
DA:22,1
DA:23,1
DA:24,177
DA:25,1
DA:26,1
DA:27,176
DA:28,1
DA:29,1
DA:30,176
DA:31,1
DA:32,1
DA:33,179
DA:34,179
DA:35,179
DA:36,179
DA:37,179
DA:38,1
DA:39,1
DA:40,179
DA:41,179
DA:42,179
DA:43,179
DA:44,179
DA:45,179
DA:46,1
DA:47,1
DA:48,1
LF:48
LH:48
BRDA:39,0,0,179
BRDA:6,1,0,179
BRDA:7,2,0,1
BRDA:12,3,0,178
BRDA:13,4,0,1
BRDA:20,5,0,177
BRDA:21,6,0,1
BRDA:26,7,0,176
BRDA:27,8,0,1
BRDA:32,9,0,179
BRF:10
BRH:10
end_of_record
TN:
SF:src/error/business-exception.ts
FN:4,BusinessException
FNF:1
FNH:1
FNDA:4,BusinessException
DA:1,1
DA:2,1
DA:3,1
DA:4,1
DA:5,4
DA:6,4
DA:7,1
DA:8,1
DA:9,1
LF:9
LH:9
BRDA:4,0,0,4
BRF:1
BRH:1
end_of_record
TN:
SF:src/error/database-exception.ts
FN:4,DatabaseException
FNF:1
FNH:0
FNDA:0,DatabaseException
DA:1,1
DA:2,1
DA:3,1
DA:4,1
DA:5,0
DA:6,0
DA:7,1
DA:8,1
DA:9,1
LF:9
LH:7
BRF:0
BRH:0
end_of_record
TN:
SF:src/error/exception.ts
FN:6,Exception
FNF:1
FNH:1
FNDA:4,Exception
DA:1,1
DA:2,1
DA:3,1
DA:4,1
DA:5,1
DA:6,1
DA:7,4
DA:8,4
DA:9,4
DA:10,4
DA:11,4
DA:12,4
DA:13,4
DA:14,1
DA:15,1
DA:16,1
LF:16
LH:16
BRDA:6,0,0,4
BRF:1
BRH:1
end_of_record
TN:
SF:src/error/infrastructure-exception.ts
FN:4,InfrastructureException
FNF:1
FNH:0
FNDA:0,InfrastructureException
DA:1,1
DA:2,1
DA:3,1
DA:4,1
DA:5,0
DA:6,0
DA:7,1
DA:8,1
DA:9,1
LF:9
LH:7
BRF:0
BRH:0
end_of_record
TN:
SF:src/repository/postgres/person-postgres-repository.ts
FN:9,PersonRepositoryPostgres
FN:11,save
FN:20,getAll
FN:28,getById
FN:37,getCliente
FN:45,queryExecutor
FNF:6
FNH:6
FNDA:9,PersonRepositoryPostgres
FNDA:3,save
FNDA:4,getAll
FNDA:2,getById
FNDA:9,getCliente
FNDA:9,queryExecutor
DA:1,1
DA:2,1
DA:3,1
DA:4,1
DA:5,1
DA:6,1
DA:7,1
DA:8,1
DA:9,1
DA:10,1
DA:11,1
DA:12,3
DA:13,3
DA:14,3
DA:15,3
DA:16,3
DA:17,3
DA:18,3
DA:19,1
DA:20,1
DA:21,4
DA:22,4
DA:23,4
DA:24,4
DA:25,4
DA:26,4
DA:27,1
DA:28,1
DA:29,2
DA:30,2
DA:31,2
DA:32,2
DA:33,2
DA:34,2
DA:35,2
DA:36,1
DA:37,1
DA:38,9
DA:39,9
DA:40,9
DA:41,0
DA:42,0
DA:43,9
DA:44,1
DA:45,1
DA:46,9
DA:47,9
DA:48,9
DA:49,9
DA:50,9
DA:51,9
DA:52,9
DA:53,9
DA:54,0
DA:55,0
DA:56,9
DA:57,9
DA:58,9
DA:59,9
DA:60,9
DA:61,9
DA:62,0
DA:63,0
DA:64,9
DA:65,9
DA:66,9
DA:67,9
DA:68,1
DA:69,1
DA:70,1
LF:70
LH:64
BRDA:9,0,0,9
BRDA:11,1,0,3
BRDA:20,2,0,4
BRDA:25,3,0,166
BRDA:28,4,0,2
BRDA:37,5,0,9
BRDA:40,6,0,0
BRDA:45,7,0,9
BRDA:53,8,0,0
BRDA:61,9,0,0
BRF:10
BRH:7
end_of_record
TN:
SF:src/use-case/add-person.ts
FN:5,AddPersonUseCase
FN:7,execute
FNF:2
FNH:2
FNDA:5,AddPersonUseCase
FNDA:2,execute
DA:1,1
DA:2,1
DA:3,1
DA:4,1
DA:5,1
DA:6,1
DA:7,1
DA:8,2
DA:9,2
DA:10,1
DA:11,1
DA:12,1
LF:12
LH:12
BRDA:5,0,0,5
BRDA:7,1,0,2
BRF:2
BRH:2
end_of_record
TN:
SF:src/use-case/fetch-all-people.ts
FN:5,FetchAllPeople
FN:7,execute
FNF:2
FNH:2
FNDA:4,FetchAllPeople
FNDA:2,execute
DA:1,1
DA:2,1
DA:3,1
DA:4,1
DA:5,1
DA:6,1
DA:7,1
DA:8,2
DA:9,2
DA:10,1
DA:11,1
DA:12,1
LF:12
LH:12
BRDA:5,0,0,4
BRDA:7,1,0,2
BRF:2
BRH:2
end_of_record
TN:
SF:src/use-case/fetch-person-by-id.ts
FN:5,FetchPersonById
FN:7,execute
FNF:2
FNH:2
FNDA:4,FetchPersonById
FNDA:1,execute
DA:1,1
DA:2,1
DA:3,1
DA:4,1
DA:5,1
DA:6,1
DA:7,1
DA:8,1
DA:9,1
DA:10,1
DA:11,1
DA:12,1
LF:12
LH:12
BRDA:5,0,0,4
BRDA:7,1,0,1
BRF:2
BRH:2
end_of_record
